"../../../Engine/Content/EditorResources/S_Actor.ubulk" 0
"../../../Engine/Content/EditorResources/S_Actor.uasset" 1
"../../../Engine/Content/EditorResources/S_Actor.uexp" 2
"../../../Engine/Content/EditorResources/S_BoxReflectionCapture.uasset" 3
"../../../Engine/Content/EditorResources/S_BoxReflectionCapture.uexp" 4
"../../../Engine/Content/EngineResources/DefaultTextureCube.uasset" 5
"../../../Engine/Content/EngineResources/DefaultTextureCube.uexp" 6
"../../../Engine/Content/EngineResources/DefaultVolumeTexture2D.uasset" 7
"../../../Engine/Content/EngineResources/DefaultVolumeTexture2D.uexp" 8
"../../../Engine/Content/EngineResources/DefaultVolumeTexture.uasset" 9
"../../../Engine/Content/EngineResources/DefaultVolumeTexture.uexp" 10
"../../../Engine/Content/EditorResources/S_Trigger.ubulk" 11
"../../../Engine/Content/EditorResources/S_Trigger.uasset" 12
"../../../Engine/Content/EditorResources/S_Trigger.uexp" 13
"../../../Engine/Content/EditorResources/S_TriggerBox.uasset" 14
"../../../Engine/Content/EditorResources/S_TriggerBox.uexp" 15
"../../../Engine/Content/EditorResources/S_TriggerCapsule.uasset" 16
"../../../Engine/Content/EditorResources/S_TriggerCapsule.uexp" 17
"../../../Engine/Content/EditorResources/S_TriggerSphere.uasset" 18
"../../../Engine/Content/EditorResources/S_TriggerSphere.uexp" 19
"../../../Engine/Content/EngineMeshes/Sphere.ubulk" 20
"../../../Engine/Content/EngineMeshes/Sphere.uasset" 21
"../../../Engine/Content/EngineMeshes/Sphere.uexp" 22
"../../../Engine/Content/EngineResources/GradientTexture0.uasset" 23
"../../../Engine/Content/EngineResources/GradientTexture0.uexp" 24
"../../../Engine/Content/EngineResources/Black.uasset" 25
"../../../Engine/Content/EngineResources/Black.uexp" 26
"../../../Engine/Content/VREditor/LaserPointer/VR_LaserPower_01.ubulk" 27
"../../../Engine/Content/VREditor/LaserPointer/VR_LaserPower_01.uasset" 28
"../../../Engine/Content/VREditor/LaserPointer/VR_LaserPower_01.uexp" 29
"../../../Engine/Content/VREditor/TransformGizmo/TransformGizmoMaterial.uasset" 30
"../../../Engine/Content/VREditor/TransformGizmo/TransformGizmoMaterial.uexp" 31
"../../../Engine/Content/VREditor/TransformGizmo/TranslucentTransformGizmoMaterial.uasset" 32
"../../../Engine/Content/VREditor/TransformGizmo/TranslucentTransformGizmoMaterial.uexp" 33
"../../../Engine/Content/VREditor/TransformGizmo/BoundingBoxCorner.ubulk" 34
"../../../Engine/Content/VREditor/TransformGizmo/BoundingBoxCorner.uasset" 35
"../../../Engine/Content/VREditor/TransformGizmo/BoundingBoxCorner.uexp" 36
"../../../Engine/Content/VREditor/TransformGizmo/BoundingBoxEdge.ubulk" 37
"../../../Engine/Content/VREditor/TransformGizmo/BoundingBoxEdge.uasset" 38
"../../../Engine/Content/VREditor/TransformGizmo/BoundingBoxEdge.uexp" 39
"../../../Engine/Content/VREditor/TransformGizmo/Main.uasset" 40
"../../../Engine/Content/VREditor/TransformGizmo/Main.uexp" 41
"../../../Engine/Content/VREditor/TransformGizmo/Xray.uasset" 42
"../../../Engine/Content/VREditor/TransformGizmo/Xray.uexp" 43
"../../../Engine/Content/VREditor/TransformGizmo/SM_Sequencer_Node.ubulk" 44
"../../../Engine/Content/VREditor/TransformGizmo/SM_Sequencer_Node.uasset" 45
"../../../Engine/Content/VREditor/TransformGizmo/SM_Sequencer_Node.uexp" 46
"../../../Engine/Content/EditorResources/S_Solver.ubulk" 47
"../../../Engine/Content/EditorResources/S_Solver.uasset" 48
"../../../Engine/Content/EditorResources/S_Solver.uexp" 49
"../../../Engine/Content/EditorMaterials/Camera/CineMat.uasset" 50
"../../../Engine/Content/EditorMaterials/Camera/CineMat.uexp" 51
"../../../Engine/Content/EditorMaterials/Camera/MI_CineMat_Rig.uasset" 52
"../../../Engine/Content/EditorMaterials/Camera/MI_CineMat_Rig.uexp" 53
"../../../Engine/Content/EditorMeshes/Camera/SM_CraneRig_Base.ubulk" 54
"../../../Engine/Content/EditorMeshes/Camera/SM_CraneRig_Base.uasset" 55
"../../../Engine/Content/EditorMeshes/Camera/SM_CraneRig_Base.uexp" 56
"../../../Engine/Content/EditorMeshes/Camera/SM_CraneRig_Arm.ubulk" 57
"../../../Engine/Content/EditorMeshes/Camera/SM_CraneRig_Arm.uasset" 58
"../../../Engine/Content/EditorMeshes/Camera/SM_CraneRig_Arm.uexp" 59
"../../../Engine/Content/EditorMeshes/Camera/SM_CraneRig_Mount.ubulk" 60
"../../../Engine/Content/EditorMeshes/Camera/SM_CraneRig_Mount.uasset" 61
"../../../Engine/Content/EditorMeshes/Camera/SM_CraneRig_Mount.uexp" 62
"../../../Engine/Content/EditorMeshes/Camera/SM_CraneRig_Body.ubulk" 63
"../../../Engine/Content/EditorMeshes/Camera/SM_CraneRig_Body.uasset" 64
"../../../Engine/Content/EditorMeshes/Camera/SM_CraneRig_Body.uexp" 65
"../../../Engine/Content/EditorMeshes/Camera/SM_RailRig_Track.ubulk" 66
"../../../Engine/Content/EditorMeshes/Camera/SM_RailRig_Track.uasset" 67
"../../../Engine/Content/EditorMeshes/Camera/SM_RailRig_Track.uexp" 68
"../../../Engine/Content/EditorMeshes/Camera/SM_RailRig_Mount.ubulk" 69
"../../../Engine/Content/EditorMeshes/Camera/SM_RailRig_Mount.uasset" 70
"../../../Engine/Content/EditorMeshes/Camera/SM_RailRig_Mount.uexp" 71
"../../../Engine/Content/EngineMaterials/T_Default_Material_Grid_M.ubulk" 72
"../../../Engine/Content/EngineMaterials/T_Default_Material_Grid_M.uasset" 73
"../../../Engine/Content/EngineMaterials/T_Default_Material_Grid_M.uexp" 74
"../../../Engine/Content/EngineMaterials/T_Default_Material_Grid_N.ubulk" 75
"../../../Engine/Content/EngineMaterials/T_Default_Material_Grid_N.uasset" 76
"../../../Engine/Content/EngineMaterials/T_Default_Material_Grid_N.uexp" 77
"../../../Engine/Content/Functions/Engine_MaterialFunctions01/Opacity/CameraDepthFade.uasset" 78
"../../../Engine/Content/Functions/Engine_MaterialFunctions01/Opacity/CameraDepthFade.uexp" 79
"../../../Engine/Content/EngineMaterials/WorldGridMaterial.uasset" 80
"../../../Engine/Content/EngineMaterials/WorldGridMaterial.uexp" 81
"../../../Engine/Content/ArtTools/RenderToTexture/Meshes/S_1_Unit_Plane.ubulk" 82
"../../../Engine/Content/ArtTools/RenderToTexture/Meshes/S_1_Unit_Plane.uasset" 83
"../../../Engine/Content/ArtTools/RenderToTexture/Meshes/S_1_Unit_Plane.uexp" 84
"../../../Engine/Content/EditorMaterials/ParticleSystems/PSysThumbnail_NoImage.ubulk" 85
"../../../Engine/Content/EditorMaterials/ParticleSystems/PSysThumbnail_NoImage.uasset" 86
"../../../Engine/Content/EditorMaterials/ParticleSystems/PSysThumbnail_NoImage.uexp" 87
"../../../Engine/Content/EditorMaterials/ParticleSystems/PSysThumbnail_OOD.ubulk" 88
"../../../Engine/Content/EditorMaterials/ParticleSystems/PSysThumbnail_OOD.uasset" 89
"../../../Engine/Content/EditorMaterials/ParticleSystems/PSysThumbnail_OOD.uexp" 90
"../../../Engine/Content/EditorLandscapeResources/SplineEditorMeshMat.uasset" 91
"../../../Engine/Content/EditorLandscapeResources/SplineEditorMeshMat.uexp" 92
"../../../Engine/Content/EditorLandscapeResources/SplineEditorMesh.ubulk" 93
"../../../Engine/Content/EditorLandscapeResources/SplineEditorMesh.uasset" 94
"../../../Engine/Content/EditorLandscapeResources/SplineEditorMesh.uexp" 95
"../../../Engine/Plugins/Experimental/Water/Content/Icons/WaterBodyExclusionVolumeSprite.uasset" 96
"../../../Engine/Plugins/Experimental/Water/Content/Icons/WaterBodyExclusionVolumeSprite.uexp" 97
"../../../Engine/Plugins/Experimental/Water/Content/Icons/WaterBodyIslandSprite.uasset" 98
"../../../Engine/Plugins/Experimental/Water/Content/Icons/WaterBodyIslandSprite.uexp" 99
"../../../Engine/Plugins/Experimental/Water/Content/Meshes/LakeMesh.ubulk" 100
"../../../Engine/Plugins/Experimental/Water/Content/Meshes/LakeMesh.uasset" 101
"../../../Engine/Plugins/Experimental/Water/Content/Meshes/LakeMesh.uexp" 102
"../../../Engine/Plugins/Experimental/Water/Content/Meshes/RiverMesh.ubulk" 103
"../../../Engine/Plugins/Experimental/Water/Content/Meshes/RiverMesh.uasset" 104
"../../../Engine/Plugins/Experimental/Water/Content/Meshes/RiverMesh.uexp" 105
"../../../Engine/Plugins/Experimental/Water/Content/Icons/WaterZoneActorSprite.ubulk" 106
"../../../Engine/Plugins/Experimental/Water/Content/Icons/WaterZoneActorSprite.uasset" 107
"../../../Engine/Plugins/Experimental/Water/Content/Icons/WaterZoneActorSprite.uexp" 108
"../../../Engine/Plugins/Experimental/Landmass/Content/Landscape/Meshes/S_SpritePlane.ubulk" 109
"../../../Engine/Plugins/Experimental/Landmass/Content/Landscape/Meshes/S_SpritePlane.uasset" 110
"../../../Engine/Plugins/Experimental/Landmass/Content/Landscape/Meshes/S_SpritePlane.uexp" 111
"../../../Engine/Plugins/Media/MediaPlate/Content/SM_MediaPlateScreen.ubulk" 112
"../../../Engine/Plugins/Media/MediaPlate/Content/SM_MediaPlateScreen.uasset" 113
"../../../Engine/Plugins/Media/MediaPlate/Content/SM_MediaPlateScreen.uexp" 114
"../../../Engine/Content/EngineMaterials/DefaultBokeh.uasset" 115
"../../../Engine/Content/EngineMaterials/DefaultBokeh.uexp" 116
"../../../Engine/Content/EngineMaterials/MiniFont.uasset" 117
"../../../Engine/Content/EngineMaterials/MiniFont.uexp" 118
"../../../Engine/Content/EngineMaterials/WeightMapPlaceholderTexture.uasset" 119
"../../../Engine/Content/EngineMaterials/WeightMapPlaceholderTexture.uexp" 120
"../../../Engine/Content/EngineMaterials/WeightMapArrayPlaceholderTexture.uasset" 121
"../../../Engine/Content/EngineMaterials/WeightMapArrayPlaceholderTexture.uexp" 122
"../../../Engine/Content/EngineMaterials/DefaultWhiteGrid.ubulk" 123
"../../../Engine/Content/EngineMaterials/DefaultWhiteGrid.uasset" 124
"../../../Engine/Content/EngineMaterials/DefaultWhiteGrid.uexp" 125
"../../../Engine/Content/EngineMaterials/PreintegratedSkinBRDF.uasset" 126
"../../../Engine/Content/EngineMaterials/PreintegratedSkinBRDF.uexp" 127
"../../../Engine/Content/EngineSky/C_Sky_Horizon_Color.uasset" 128
"../../../Engine/Content/EngineSky/C_Sky_Horizon_Color.uexp" 129
"../../../Engine/Content/EngineSky/T_Sky_Stars.ubulk" 130
"../../../Engine/Content/EngineSky/T_Sky_Stars.uasset" 131
"../../../Engine/Content/EngineSky/T_Sky_Stars.uexp" 132
"../../../Engine/Content/EngineSky/T_Sky_Clouds_M.ubulk" 133
"../../../Engine/Content/EngineSky/T_Sky_Clouds_M.uasset" 134
"../../../Engine/Content/EngineSky/T_Sky_Clouds_M.uexp" 135
"../../../Engine/Content/EngineSky/T_Sky_Blue.ubulk" 136
"../../../Engine/Content/EngineSky/T_Sky_Blue.uasset" 137
"../../../Engine/Content/EngineSky/T_Sky_Blue.uexp" 138
"../../../Engine/Content/EngineSky/M_Sky_Panning_Clouds2.uasset" 139
"../../../Engine/Content/EngineSky/M_Sky_Panning_Clouds2.uexp" 140
"../../../Engine/Content/EngineSky/SM_SkySphere.ubulk" 141
"../../../Engine/Content/EngineSky/SM_SkySphere.uasset" 142
"../../../Engine/Content/EngineSky/SM_SkySphere.uexp" 143
"../../../Engine/Content/EngineSky/C_Sky_Cloud_Color.uasset" 144
"../../../Engine/Content/EngineSky/C_Sky_Cloud_Color.uexp" 145
"../../../Engine/Content/EngineSky/C_Sky_Zenith_Color.uasset" 146
"../../../Engine/Content/EngineSky/C_Sky_Zenith_Color.uexp" 147
"../../../Engine/Content/EditorBlueprintResources/StandardMacros.uasset" 148
"../../../Engine/Content/EditorBlueprintResources/StandardMacros.uexp" 149
"../../../Engine/Content/EngineSky/BP_Sky_Sphere.uasset" 150
"../../../Engine/Content/EngineSky/BP_Sky_Sphere.uexp" 151
"../../../Engine/Content/Functions/Engine_MaterialFunctions02/Utility/MakeFloat4.uasset" 152
"../../../Engine/Content/Functions/Engine_MaterialFunctions02/Utility/MakeFloat4.uexp" 153
"../../../Engine/Plugins/Runtime/SunPosition/Content/Editor/VolumetricCloud/T_CloudMask.ubulk" 154
"../../../Engine/Plugins/Runtime/SunPosition/Content/Editor/VolumetricCloud/T_CloudMask.uasset" 155
"../../../Engine/Plugins/Runtime/SunPosition/Content/Editor/VolumetricCloud/T_CloudMask.uexp" 156
"../../../Engine/Plugins/Runtime/SunPosition/Content/Editor/VolumetricCloud/T_Volume_PerlinWorley_Balanced.ubulk" 157
"../../../Engine/Plugins/Runtime/SunPosition/Content/Editor/VolumetricCloud/T_Volume_PerlinWorley_Balanced.uasset" 158
"../../../Engine/Plugins/Runtime/SunPosition/Content/Editor/VolumetricCloud/T_Volume_PerlinWorley_Balanced.uexp" 159
"../../../Engine/Plugins/Runtime/SunPosition/Content/Editor/VolumetricCloud/VT_PerlinWorley_Balanced.uasset" 160
"../../../Engine/Plugins/Runtime/SunPosition/Content/Editor/VolumetricCloud/VT_PerlinWorley_Balanced.uexp" 161
"../../../Engine/Content/Functions/Engine_MaterialFunctions01/Units/Km-to-Cm.uasset" 162
"../../../Engine/Content/Functions/Engine_MaterialFunctions01/Units/Km-to-Cm.uexp" 163
"../../../Engine/Content/Functions/Engine_MaterialFunctions02/Utility/BreakOutFloat4Components.uasset" 164
"../../../Engine/Content/Functions/Engine_MaterialFunctions02/Utility/BreakOutFloat4Components.uexp" 165
"../../../Engine/Content/Functions/Engine_MaterialFunctions02/Utility/MakeFloat3.uasset" 166
"../../../Engine/Content/Functions/Engine_MaterialFunctions02/Utility/MakeFloat3.uexp" 167
"../../../Engine/Plugins/Runtime/SunPosition/Content/Editor/VolumetricCloud/T_CloudPattern.ubulk" 168
"../../../Engine/Plugins/Runtime/SunPosition/Content/Editor/VolumetricCloud/T_CloudPattern.uasset" 169
"../../../Engine/Plugins/Runtime/SunPosition/Content/Editor/VolumetricCloud/T_CloudPattern.uexp" 170
"../../../Engine/Plugins/Runtime/SunPosition/Content/Editor/VolumetricCloud/T_Lightning.uasset" 171
"../../../Engine/Plugins/Runtime/SunPosition/Content/Editor/VolumetricCloud/T_Lightning.uexp" 172
"../../../Engine/Plugins/Runtime/SunPosition/Content/Editor/VolumetricCloud/VT_Lightning.uasset" 173
"../../../Engine/Plugins/Runtime/SunPosition/Content/Editor/VolumetricCloud/VT_Lightning.uexp" 174
"../../../Engine/Plugins/Runtime/SunPosition/Content/Editor/VolumetricCloud/T_Profile_08.ubulk" 175
"../../../Engine/Plugins/Runtime/SunPosition/Content/Editor/VolumetricCloud/T_Profile_08.uasset" 176
"../../../Engine/Plugins/Runtime/SunPosition/Content/Editor/VolumetricCloud/T_Profile_08.uexp" 177
"../../../Engine/Content/Functions/Engine_MaterialFunctions02/Utility/BreakOutFloat3Components.uasset" 178
"../../../Engine/Content/Functions/Engine_MaterialFunctions02/Utility/BreakOutFloat3Components.uexp" 179
"../../../Engine/Plugins/Runtime/SunPosition/Content/Editor/VolumetricCloud/M_VolumeCloud.uasset" 180
"../../../Engine/Plugins/Runtime/SunPosition/Content/Editor/VolumetricCloud/M_VolumeCloud.uexp" 181
"../../../Engine/Plugins/Runtime/SunPosition/Content/Editor/VolumetricCloud/MI_VolumeCloud.uasset" 182
"../../../Engine/Plugins/Runtime/SunPosition/Content/Editor/VolumetricCloud/MI_VolumeCloud.uexp" 183
"../../../Engine/Plugins/Runtime/SunPosition/Content/Editor/M_ArrowColor.uasset" 184
"../../../Engine/Plugins/Runtime/SunPosition/Content/Editor/M_ArrowColor.uexp" 185
"../../../Engine/Plugins/Runtime/SunPosition/Content/Editor/MI_ArrowColorRed.uasset" 186
"../../../Engine/Plugins/Runtime/SunPosition/Content/Editor/MI_ArrowColorRed.uexp" 187
"../../../Engine/Plugins/Runtime/SunPosition/Content/Editor/MI_ArrowColorGrey.uasset" 188
"../../../Engine/Plugins/Runtime/SunPosition/Content/Editor/MI_ArrowColorGrey.uexp" 189
"../../../Engine/Plugins/Runtime/SunPosition/Content/Editor/SM_Compass.ubulk" 190
"../../../Engine/Plugins/Runtime/SunPosition/Content/Editor/SM_Compass.uasset" 191
"../../../Engine/Plugins/Runtime/SunPosition/Content/Editor/SM_Compass.uexp" 192
"../../../Engine/Plugins/Runtime/SunPosition/Content/SunSky.uasset" 193
"../../../Engine/Plugins/Runtime/SunPosition/Content/SunSky.uexp" 194
"../../../Engine/Plugins/Runtime/MeshModelingToolset/Content/Materials/M_DynamicMeshComponentVtxColor.uasset" 195
"../../../Engine/Plugins/Runtime/MeshModelingToolset/Content/Materials/M_DynamicMeshComponentVtxColor.uexp" 196
"../../../Engine/Plugins/Marketplace/CesiumForUnreal_5.4/Content/WGS84.uasset" 197
"../../../Engine/Plugins/Marketplace/CesiumForUnreal_5.4/Content/WGS84.uexp" 198
"../../../Engine/Plugins/Marketplace/CesiumForUnreal_5.4/Content/MobileSkySphere.uasset" 199
"../../../Engine/Plugins/Marketplace/CesiumForUnreal_5.4/Content/MobileSkySphere.uexp" 200
"../../../Engine/Plugins/Interchange/Runtime/Content/Pipelines/DefaultTexturePipeline.uasset" 201
"../../../Engine/Plugins/Interchange/Runtime/Content/Pipelines/DefaultTexturePipeline.uexp" 202
"../../../Engine/Plugins/Interchange/Runtime/Content/Pipelines/DefaultSceneLevelPipeline.uasset" 203
"../../../Engine/Plugins/Interchange/Runtime/Content/Pipelines/DefaultSceneLevelPipeline.uexp" 204
"../../../Engine/Plugins/Interchange/Runtime/Content/Pipelines/DefaultSceneAssetsPipeline.uasset" 205
"../../../Engine/Plugins/Interchange/Runtime/Content/Pipelines/DefaultSceneAssetsPipeline.uexp" 206
"../../../Engine/Plugins/Interchange/Runtime/Content/Pipelines/DefaultMaterialXPipeline.uasset" 207
"../../../Engine/Plugins/Interchange/Runtime/Content/Pipelines/DefaultMaterialXPipeline.uexp" 208
"../../../Engine/Plugins/Interchange/Runtime/Content/Pipelines/DefaultMaterialPipeline.uasset" 209
"../../../Engine/Plugins/Interchange/Runtime/Content/Pipelines/DefaultMaterialPipeline.uexp" 210
"../../../Engine/Plugins/Interchange/Runtime/Content/Pipelines/DefaultGLTFSceneAssetsPipeline.uasset" 211
"../../../Engine/Plugins/Interchange/Runtime/Content/Pipelines/DefaultGLTFSceneAssetsPipeline.uexp" 212
"../../../Engine/Plugins/Interchange/Runtime/Content/Pipelines/DefaultGLTFPipeline.uasset" 213
"../../../Engine/Plugins/Interchange/Runtime/Content/Pipelines/DefaultGLTFPipeline.uexp" 214
"../../../Engine/Plugins/Interchange/Runtime/Content/Pipelines/DefaultGLTFAssetsPipeline.uasset" 215
"../../../Engine/Plugins/Interchange/Runtime/Content/Pipelines/DefaultGLTFAssetsPipeline.uexp" 216
"../../../Engine/Plugins/Interchange/Runtime/Content/Pipelines/DefaultAssetsPipeline.uasset" 217
"../../../Engine/Plugins/Interchange/Runtime/Content/Pipelines/DefaultAssetsPipeline.uexp" 218
"../../../Engine/Plugins/Interchange/Runtime/Content/Functions/MX_UsdPreviewSurface.uasset" 219
"../../../Engine/Plugins/Interchange/Runtime/Content/Functions/MX_UsdPreviewSurface.uexp" 220
"../../../Engine/Plugins/Interchange/Runtime/Content/Functions/MX_UniformEDF.uasset" 221
"../../../Engine/Plugins/Interchange/Runtime/Content/Functions/MX_UniformEDF.uexp" 222
"../../../Engine/Plugins/Interchange/Runtime/Content/Functions/MX_TranslucentBSDF.uasset" 223
"../../../Engine/Plugins/Interchange/Runtime/Content/Functions/MX_TranslucentBSDF.uexp" 224
"../../../Engine/Plugins/Interchange/Runtime/Content/Functions/MX_ThinFilmBSDF.uasset" 225
"../../../Engine/Plugins/Interchange/Runtime/Content/Functions/MX_ThinFilmBSDF.uexp" 226
"../../../Engine/Plugins/Interchange/Runtime/Content/Functions/MX_SurfaceUnlit.uasset" 227
"../../../Engine/Plugins/Interchange/Runtime/Content/Functions/MX_SurfaceUnlit.uexp" 228
"../../../Engine/Plugins/Interchange/Runtime/Content/Functions/MX_Surface.uasset" 229
"../../../Engine/Plugins/Interchange/Runtime/Content/Functions/MX_Surface.uexp" 230
"../../../Engine/Plugins/Interchange/Runtime/Content/Functions/MX_SubsurfaceBSDF.uasset" 231
"../../../Engine/Plugins/Interchange/Runtime/Content/Functions/MX_SubsurfaceBSDF.uexp" 232
"../../../Engine/Plugins/Interchange/Runtime/Content/Functions/MX_SheenBSDF.uasset" 233
"../../../Engine/Plugins/Interchange/Runtime/Content/Functions/MX_SheenBSDF.uexp" 234
"../../../Engine/Plugins/Interchange/Runtime/Content/Functions/MX_OrenNayarBSDF.uasset" 235
"../../../Engine/Plugins/Interchange/Runtime/Content/Functions/MX_OrenNayarBSDF.uexp" 236
"../../../Engine/Content/Functions/Engine_MaterialFunctions02/Utility/CameraDirectionVector.uasset" 237
"../../../Engine/Content/Functions/Engine_MaterialFunctions02/Utility/CameraDirectionVector.uexp" 238
"../../../Engine/Content/Functions/Engine_MaterialFunctions01/Volumetrics/BeersLaw.uasset" 239
"../../../Engine/Content/Functions/Engine_MaterialFunctions01/Volumetrics/BeersLaw.uexp" 240
"../../../Engine/Content/EngineMaterials/Good64x64TilingNoiseHighFreq.uasset" 241
"../../../Engine/Content/EngineMaterials/Good64x64TilingNoiseHighFreq.uexp" 242
"../../../Engine/Content/Functions/Engine_MaterialFunctions02/Texturing/ScreenAlignedPixelToPixelUVs.uasset" 243
"../../../Engine/Content/Functions/Engine_MaterialFunctions02/Texturing/ScreenAlignedPixelToPixelUVs.uexp" 244
"../../../Engine/Plugins/Interchange/Runtime/Content/gltf/MaterialFunctions/MF_Temporal_Blur.uasset" 245
"../../../Engine/Plugins/Interchange/Runtime/Content/gltf/MaterialFunctions/MF_Temporal_Blur.uexp" 246
"../../../Engine/Plugins/Interchange/Runtime/Content/gltf/MaterialFunctions/MF_Fresnel_DS.uasset" 247
"../../../Engine/Plugins/Interchange/Runtime/Content/gltf/MaterialFunctions/MF_Fresnel_DS.uexp" 248
"../../../Engine/Plugins/Interchange/Runtime/Content/Functions/MX_Transmission.uasset" 249
"../../../Engine/Plugins/Interchange/Runtime/Content/Functions/MX_Transmission.uexp" 250
"../../../Engine/Plugins/Interchange/Runtime/Content/Functions/MF_OrenNayerView.uasset" 251
"../../../Engine/Plugins/Interchange/Runtime/Content/Functions/MF_OrenNayerView.uexp" 252
"../../../Engine/Plugins/Interchange/Runtime/Content/Functions/MF_SchlickApprox.uasset" 253
"../../../Engine/Plugins/Interchange/Runtime/Content/Functions/MF_SchlickApprox.uexp" 254
"../../../Engine/Plugins/Interchange/Runtime/Content/Utilities/New_LUT.uasset" 255
"../../../Engine/Plugins/Interchange/Runtime/Content/Utilities/New_LUT.uexp" 256
"../../../Engine/Content/Functions/Engine_MaterialFunctions03/Math/RemapValueRange.uasset" 257
"../../../Engine/Content/Functions/Engine_MaterialFunctions03/Math/RemapValueRange.uexp" 258
"../../../Engine/Plugins/Interchange/Runtime/Content/Functions/MF_Iridescence.uasset" 259
"../../../Engine/Plugins/Interchange/Runtime/Content/Functions/MF_Iridescence.uexp" 260
"../../../Engine/Plugins/Interchange/Runtime/Content/Functions/MX_StandardSurface.uasset" 261
"../../../Engine/Plugins/Interchange/Runtime/Content/Functions/MX_StandardSurface.uexp" 262
"../../../Engine/Plugins/Interchange/Runtime/Content/Functions/MX_TransmissionSurface.uasset" 263
"../../../Engine/Plugins/Interchange/Runtime/Content/Functions/MX_TransmissionSurface.uexp" 264
"../../../Engine/Plugins/Interchange/Runtime/Content/Functions/MX_OpenPBR_Translucent.uasset" 265
"../../../Engine/Plugins/Interchange/Runtime/Content/Functions/MX_OpenPBR_Translucent.uexp" 266
"../../../Engine/Plugins/Interchange/Runtime/Content/Functions/MX_OpenPBR_Opaque.uasset" 267
"../../../Engine/Plugins/Interchange/Runtime/Content/Functions/MX_OpenPBR_Opaque.uexp" 268
"../../../Engine/Plugins/Interchange/Runtime/Content/Functions/MX_MeasuredEDF.uasset" 269
"../../../Engine/Plugins/Interchange/Runtime/Content/Functions/MX_MeasuredEDF.uexp" 270
"../../../Engine/Plugins/Interchange/Runtime/Content/Functions/MX_GeneralizedSchlickBSDF.uasset" 271
"../../../Engine/Plugins/Interchange/Runtime/Content/Functions/MX_GeneralizedSchlickBSDF.uexp" 272
"../../../Engine/Plugins/Interchange/Runtime/Content/Functions/MX_DielectricBSDF.uasset" 273
"../../../Engine/Plugins/Interchange/Runtime/Content/Functions/MX_DielectricBSDF.uexp" 274
"../../../Engine/Plugins/Interchange/Runtime/Content/Functions/MX_ConicalEDF.uasset" 275
"../../../Engine/Plugins/Interchange/Runtime/Content/Functions/MX_ConicalEDF.uexp" 276
"../../../Engine/Plugins/Interchange/Runtime/Content/Functions/MX_ConductorBSDF.uasset" 277
"../../../Engine/Plugins/Interchange/Runtime/Content/Functions/MX_ConductorBSDF.uexp" 278
"../../../Engine/Plugins/Interchange/Runtime/Content/Functions/MX_BurleyDiffuseBSDF.uasset" 279
"../../../Engine/Plugins/Interchange/Runtime/Content/Functions/MX_BurleyDiffuseBSDF.uexp" 280
"../../../Engine/Plugins/Interchange/Runtime/Content/Functions/MX_AnisotropicVDF.uasset" 281
"../../../Engine/Plugins/Interchange/Runtime/Content/Functions/MX_AnisotropicVDF.uexp" 282
"../../../Engine/Plugins/Interchange/Runtime/Content/Functions/MX_AbsorptionVDF.uasset" 283
"../../../Engine/Plugins/Interchange/Runtime/Content/Functions/MX_AbsorptionVDF.uexp" 284
"../../../Engine/Plugins/Experimental/Water/Content/Waves/GerstnerWaves_Ocean.uasset" 285
"../../../Engine/Plugins/Experimental/Water/Content/Waves/GerstnerWaves_Ocean.uexp" 286
"../../../Engine/Plugins/Experimental/Water/Content/Waves/GerstnerWaves_Lake.uasset" 287
"../../../Engine/Plugins/Experimental/Water/Content/Waves/GerstnerWaves_Lake.uexp" 288
"../../../Engine/Plugins/Experimental/Water/Content/Icons/WaterSprite.uasset" 289
"../../../Engine/Plugins/Experimental/Water/Content/Icons/WaterSprite.uexp" 290
"../../../Engine/Plugins/Experimental/Water/Content/Icons/WaterLandscapeBrushSprite.ubulk" 291
"../../../Engine/Plugins/Experimental/Water/Content/Icons/WaterLandscapeBrushSprite.uasset" 292
"../../../Engine/Plugins/Experimental/Water/Content/Icons/WaterLandscapeBrushSprite.uexp" 293
"../../../Engine/Plugins/Experimental/Water/Content/Icons/WaterErrorSprite.ubulk" 294
"../../../Engine/Plugins/Experimental/Water/Content/Icons/WaterErrorSprite.uasset" 295
"../../../Engine/Plugins/Experimental/Water/Content/Icons/WaterErrorSprite.uexp" 296
"../../../Engine/Plugins/Experimental/Water/Content/Curves/FloatCurve_WaterBodyIsland.uasset" 297
"../../../Engine/Plugins/Experimental/Water/Content/Curves/FloatCurve_WaterBodyIsland.uexp" 298
"../../../Engine/Plugins/Experimental/Water/Content/Curves/FloatCurve.uasset" 299
"../../../Engine/Plugins/Experimental/Water/Content/Curves/FloatCurve.uexp" 300
"../../../Engine/Plugins/Editor/SpeedTreeImporter/Content/SpeedTree9/game_wind_noise.ubulk" 301
"../../../Engine/Plugins/Editor/SpeedTreeImporter/Content/SpeedTree9/game_wind_noise.uasset" 302
"../../../Engine/Plugins/Editor/SpeedTreeImporter/Content/SpeedTree9/game_wind_noise.uexp" 303
"../../../Engine/Plugins/Editor/SpeedTreeImporter/Content/SpeedTree9/UnpackDirection.uasset" 304
"../../../Engine/Plugins/Editor/SpeedTreeImporter/Content/SpeedTree9/UnpackDirection.uexp" 305
"../../../Engine/Content/Functions/Engine_MaterialFunctions02/ObjectLocalBounds.uasset" 306
"../../../Engine/Content/Functions/Engine_MaterialFunctions02/ObjectLocalBounds.uexp" 307
"../../../Engine/Content/Functions/Engine_MaterialFunctions02/UVs/BoundingBoxBased_0-1_UVW.uasset" 308
"../../../Engine/Content/Functions/Engine_MaterialFunctions02/UVs/BoundingBoxBased_0-1_UVW.uexp" 309
"../../../Engine/Content/Functions/Engine_MaterialFunctions02/Utility/VectorLength.uasset" 310
"../../../Engine/Content/Functions/Engine_MaterialFunctions02/Utility/VectorLength.uexp" 311
"../../../Engine/Plugins/Editor/SpeedTreeImporter/Content/SpeedTree9/UnpackInteger3.uasset" 312
"../../../Engine/Plugins/Editor/SpeedTreeImporter/Content/SpeedTree9/UnpackInteger3.uexp" 313
"../../../Engine/Plugins/Editor/SpeedTreeImporter/Content/SpeedTree9/SpeedTreeCameraFacing.uasset" 314
"../../../Engine/Plugins/Editor/SpeedTreeImporter/Content/SpeedTree9/SpeedTreeCameraFacing.uexp" 315
"../../../Engine/Content/Functions/Engine_MaterialFunctions02/WorldPositionOffset/ObjectScale.uasset" 316
"../../../Engine/Content/Functions/Engine_MaterialFunctions02/WorldPositionOffset/ObjectScale.uexp" 317
"../../../Engine/Content/Functions/Engine_MaterialFunctions02/SafeNormalize.uasset" 318
"../../../Engine/Content/Functions/Engine_MaterialFunctions02/SafeNormalize.uexp" 319
"../../../Engine/Plugins/Editor/SpeedTreeImporter/Content/SpeedTree9/SpeedTreeWindMotion.uasset" 320
"../../../Engine/Plugins/Editor/SpeedTreeImporter/Content/SpeedTree9/SpeedTreeWindMotion.uexp" 321
"../../../Engine/Plugins/Editor/SpeedTreeImporter/Content/SpeedTree9/SpeedTreeBranchMotion.uasset" 322
"../../../Engine/Plugins/Editor/SpeedTreeImporter/Content/SpeedTree9/SpeedTreeBranchMotion.uexp" 323
"../../../Engine/Plugins/Editor/SpeedTreeImporter/Content/SpeedTree9/SpeedTreeWind.uasset" 324
"../../../Engine/Plugins/Editor/SpeedTreeImporter/Content/SpeedTree9/SpeedTreeWind.uexp" 325
"../../../Engine/Plugins/Editor/SpeedTreeImporter/Content/SpeedTree9/EmptyNormal.uasset" 326
"../../../Engine/Plugins/Editor/SpeedTreeImporter/Content/SpeedTree9/EmptyNormal.uexp" 327
"../../../Engine/Plugins/Editor/SpeedTreeImporter/Content/SpeedTree9/Empty.uasset" 328
"../../../Engine/Plugins/Editor/SpeedTreeImporter/Content/SpeedTree9/Empty.uexp" 329
"../../../Engine/Plugins/Editor/SpeedTreeImporter/Content/SpeedTree9/SpeedTreeMaster.uasset" 330
"../../../Engine/Plugins/Editor/SpeedTreeImporter/Content/SpeedTree9/SpeedTreeMaster.uexp" 331
"../../../Engine/Plugins/Editor/SpeedTreeImporter/Content/SpeedTree9/SpeedTreeBillboard.uasset" 332
"../../../Engine/Plugins/Editor/SpeedTreeImporter/Content/SpeedTree9/SpeedTreeBillboard.uexp" 333
"../../../Engine/Plugins/Editor/SpeedTreeImporter/Content/SpeedTree9/SpeedTreeBillboardMaster.uasset" 334
"../../../Engine/Plugins/Editor/SpeedTreeImporter/Content/SpeedTree9/SpeedTreeBillboardMaster.uexp" 335
"../../../Engine/Content/Functions/Engine_MaterialFunctions02/WorldPositionOffset/CameraOffset.uasset" 336
"../../../Engine/Content/Functions/Engine_MaterialFunctions02/WorldPositionOffset/CameraOffset.uexp" 337
"../../../Engine/Plugins/Animation/ControlRig/Content/M_Manip.uasset" 338
"../../../Engine/Plugins/Animation/ControlRig/Content/M_Manip.uexp" 339
"../../../Engine/Plugins/Animation/ControlRig/Content/Controls/DefaultGizmoLibraryNormalized.uasset" 340
"../../../Engine/Plugins/Animation/ControlRig/Content/Controls/DefaultGizmoLibraryNormalized.uexp" 341
"../../../Engine/Plugins/Animation/ControlRig/Content/Controls/ControlRig_Wedge_solid.ubulk" 342
"../../../Engine/Plugins/Animation/ControlRig/Content/Controls/ControlRig_Wedge_solid.uasset" 343
"../../../Engine/Plugins/Animation/ControlRig/Content/Controls/ControlRig_Wedge_solid.uexp" 344
"../../../Engine/Plugins/Animation/ControlRig/Content/Controls/ControlRig_Wedge_3mm.ubulk" 345
"../../../Engine/Plugins/Animation/ControlRig/Content/Controls/ControlRig_Wedge_3mm.uasset" 346
"../../../Engine/Plugins/Animation/ControlRig/Content/Controls/ControlRig_Wedge_3mm.uexp" 347
"../../../Engine/Plugins/Animation/ControlRig/Content/Controls/ControlRig_Wedge_1mm.ubulk" 348
"../../../Engine/Plugins/Animation/ControlRig/Content/Controls/ControlRig_Wedge_1mm.uasset" 349
"../../../Engine/Plugins/Animation/ControlRig/Content/Controls/ControlRig_Wedge_1mm.uexp" 350
"../../../Engine/Plugins/Animation/ControlRig/Content/Controls/ControlRig_Triangle_solid.ubulk" 351
"../../../Engine/Plugins/Animation/ControlRig/Content/Controls/ControlRig_Triangle_solid.uasset" 352
"../../../Engine/Plugins/Animation/ControlRig/Content/Controls/ControlRig_Triangle_solid.uexp" 353
"../../../Engine/Plugins/Animation/ControlRig/Content/Controls/ControlRig_Triangle_3mm.ubulk" 354
"../../../Engine/Plugins/Animation/ControlRig/Content/Controls/ControlRig_Triangle_3mm.uasset" 355
"../../../Engine/Plugins/Animation/ControlRig/Content/Controls/ControlRig_Triangle_3mm.uexp" 356
"../../../Engine/Plugins/Animation/ControlRig/Content/Controls/ControlRig_Triangle_1mm.ubulk" 357
"../../../Engine/Plugins/Animation/ControlRig/Content/Controls/ControlRig_Triangle_1mm.uasset" 358
"../../../Engine/Plugins/Animation/ControlRig/Content/Controls/ControlRig_Triangle_1mm.uexp" 359
"../../../Engine/Plugins/Animation/ControlRig/Content/Controls/ControlRig_Star4_solid.ubulk" 360
"../../../Engine/Plugins/Animation/ControlRig/Content/Controls/ControlRig_Star4_solid.uasset" 361
"../../../Engine/Plugins/Animation/ControlRig/Content/Controls/ControlRig_Star4_solid.uexp" 362
"../../../Engine/Plugins/Animation/ControlRig/Content/Controls/ControlRig_Star4_3mm.ubulk" 363
"../../../Engine/Plugins/Animation/ControlRig/Content/Controls/ControlRig_Star4_3mm.uasset" 364
"../../../Engine/Plugins/Animation/ControlRig/Content/Controls/ControlRig_Star4_3mm.uexp" 365
"../../../Engine/Plugins/Animation/ControlRig/Content/Controls/ControlRig_Star4_1mm.ubulk" 366
"../../../Engine/Plugins/Animation/ControlRig/Content/Controls/ControlRig_Star4_1mm.uasset" 367
"../../../Engine/Plugins/Animation/ControlRig/Content/Controls/ControlRig_Star4_1mm.uexp" 368
"../../../Engine/Plugins/Animation/ControlRig/Content/Controls/ControlRig_Square_solid.ubulk" 369
"../../../Engine/Plugins/Animation/ControlRig/Content/Controls/ControlRig_Square_solid.uasset" 370
"../../../Engine/Plugins/Animation/ControlRig/Content/Controls/ControlRig_Square_solid.uexp" 371
"../../../Engine/Plugins/Animation/ControlRig/Content/Controls/ControlRig_Square_3mm.ubulk" 372
"../../../Engine/Plugins/Animation/ControlRig/Content/Controls/ControlRig_Square_3mm.uasset" 373
"../../../Engine/Plugins/Animation/ControlRig/Content/Controls/ControlRig_Square_3mm.uexp" 374
"../../../Engine/Plugins/Animation/ControlRig/Content/Controls/ControlRig_Square_1mm.ubulk" 375
"../../../Engine/Plugins/Animation/ControlRig/Content/Controls/ControlRig_Square_1mm.uasset" 376
"../../../Engine/Plugins/Animation/ControlRig/Content/Controls/ControlRig_Square_1mm.uexp" 377
"../../../Engine/Plugins/Animation/ControlRig/Content/Controls/ControlRig_Sphere_solid.ubulk" 378
"../../../Engine/Plugins/Animation/ControlRig/Content/Controls/ControlRig_Sphere_solid.uasset" 379
"../../../Engine/Plugins/Animation/ControlRig/Content/Controls/ControlRig_Sphere_solid.uexp" 380
"../../../Engine/Plugins/Animation/ControlRig/Content/Controls/ControlRig_Sphere_3mm.ubulk" 381
"../../../Engine/Plugins/Animation/ControlRig/Content/Controls/ControlRig_Sphere_3mm.uasset" 382
"../../../Engine/Plugins/Animation/ControlRig/Content/Controls/ControlRig_Sphere_3mm.uexp" 383
"../../../Engine/Plugins/Animation/ControlRig/Content/Controls/ControlRig_Sphere_1mm.ubulk" 384
"../../../Engine/Plugins/Animation/ControlRig/Content/Controls/ControlRig_Sphere_1mm.uasset" 385
"../../../Engine/Plugins/Animation/ControlRig/Content/Controls/ControlRig_Sphere_1mm.uexp" 386
"../../../Engine/Plugins/Animation/ControlRig/Content/Controls/ControlRig_RoundedTriangle_solid.ubulk" 387
"../../../Engine/Plugins/Animation/ControlRig/Content/Controls/ControlRig_RoundedTriangle_solid.uasset" 388
"../../../Engine/Plugins/Animation/ControlRig/Content/Controls/ControlRig_RoundedTriangle_solid.uexp" 389
"../../../Engine/Plugins/Animation/ControlRig/Content/Controls/ControlRig_RoundedTriangle_3mm.ubulk" 390
"../../../Engine/Plugins/Animation/ControlRig/Content/Controls/ControlRig_RoundedTriangle_3mm.uasset" 391
"../../../Engine/Plugins/Animation/ControlRig/Content/Controls/ControlRig_RoundedTriangle_3mm.uexp" 392
"../../../Engine/Plugins/Animation/ControlRig/Content/Controls/ControlRig_RoundedTriangle_1mm.ubulk" 393
"../../../Engine/Plugins/Animation/ControlRig/Content/Controls/ControlRig_RoundedTriangle_1mm.uasset" 394
"../../../Engine/Plugins/Animation/ControlRig/Content/Controls/ControlRig_RoundedTriangle_1mm.uexp" 395
"../../../Engine/Plugins/Animation/ControlRig/Content/Controls/ControlRig_RoundedSquare_solid.ubulk" 396
"../../../Engine/Plugins/Animation/ControlRig/Content/Controls/ControlRig_RoundedSquare_solid.uasset" 397
"../../../Engine/Plugins/Animation/ControlRig/Content/Controls/ControlRig_RoundedSquare_solid.uexp" 398
"../../../Engine/Plugins/Animation/ControlRig/Content/Controls/ControlRig_RoundedSquare_3mm.ubulk" 399
"../../../Engine/Plugins/Animation/ControlRig/Content/Controls/ControlRig_RoundedSquare_3mm.uasset" 400
"../../../Engine/Plugins/Animation/ControlRig/Content/Controls/ControlRig_RoundedSquare_3mm.uexp" 401
"../../../Engine/Plugins/Animation/ControlRig/Content/Controls/ControlRig_RoundedSquare_1mm.ubulk" 402
"../../../Engine/Plugins/Animation/ControlRig/Content/Controls/ControlRig_RoundedSquare_1mm.uasset" 403
"../../../Engine/Plugins/Animation/ControlRig/Content/Controls/ControlRig_RoundedSquare_1mm.uexp" 404
"../../../Engine/Plugins/Animation/ControlRig/Content/Controls/ControlRig_QuarterCircle_solid.ubulk" 405
"../../../Engine/Plugins/Animation/ControlRig/Content/Controls/ControlRig_QuarterCircle_solid.uasset" 406
"../../../Engine/Plugins/Animation/ControlRig/Content/Controls/ControlRig_QuarterCircle_solid.uexp" 407
"../../../Engine/Plugins/Animation/ControlRig/Content/Controls/ControlRig_QuarterCircle_3mm.ubulk" 408
"../../../Engine/Plugins/Animation/ControlRig/Content/Controls/ControlRig_QuarterCircle_3mm.uasset" 409
"../../../Engine/Plugins/Animation/ControlRig/Content/Controls/ControlRig_QuarterCircle_3mm.uexp" 410
"../../../Engine/Plugins/Animation/ControlRig/Content/Controls/ControlRig_QuarterCircle_1mm.ubulk" 411
"../../../Engine/Plugins/Animation/ControlRig/Content/Controls/ControlRig_QuarterCircle_1mm.uasset" 412
"../../../Engine/Plugins/Animation/ControlRig/Content/Controls/ControlRig_QuarterCircle_1mm.uexp" 413
"../../../Engine/Plugins/Animation/ControlRig/Content/Controls/ControlRig_Pyramid_solid.ubulk" 414
"../../../Engine/Plugins/Animation/ControlRig/Content/Controls/ControlRig_Pyramid_solid.uasset" 415
"../../../Engine/Plugins/Animation/ControlRig/Content/Controls/ControlRig_Pyramid_solid.uexp" 416
"../../../Engine/Plugins/Animation/ControlRig/Content/Controls/ControlRig_Pyramid_3mm.ubulk" 417
"../../../Engine/Plugins/Animation/ControlRig/Content/Controls/ControlRig_Pyramid_3mm.uasset" 418
"../../../Engine/Plugins/Animation/ControlRig/Content/Controls/ControlRig_Pyramid_3mm.uexp" 419
"../../../Engine/Plugins/Animation/ControlRig/Content/Controls/ControlRig_Pyramid_1mm.ubulk" 420
"../../../Engine/Plugins/Animation/ControlRig/Content/Controls/ControlRig_Pyramid_1mm.uasset" 421
"../../../Engine/Plugins/Animation/ControlRig/Content/Controls/ControlRig_Pyramid_1mm.uexp" 422
"../../../Engine/Plugins/Animation/ControlRig/Content/Controls/ControlRig_Octagon_solid.ubulk" 423
"../../../Engine/Plugins/Animation/ControlRig/Content/Controls/ControlRig_Octagon_solid.uasset" 424
"../../../Engine/Plugins/Animation/ControlRig/Content/Controls/ControlRig_Octagon_solid.uexp" 425
"../../../Engine/Plugins/Animation/ControlRig/Content/Controls/ControlRig_Octagon_3mm.ubulk" 426
"../../../Engine/Plugins/Animation/ControlRig/Content/Controls/ControlRig_Octagon_3mm.uasset" 427
"../../../Engine/Plugins/Animation/ControlRig/Content/Controls/ControlRig_Octagon_3mm.uexp" 428
"../../../Engine/Plugins/Animation/ControlRig/Content/Controls/ControlRig_Octagon_1mm.ubulk" 429
"../../../Engine/Plugins/Animation/ControlRig/Content/Controls/ControlRig_Octagon_1mm.uasset" 430
"../../../Engine/Plugins/Animation/ControlRig/Content/Controls/ControlRig_Octagon_1mm.uexp" 431
"../../../Engine/Plugins/Animation/ControlRig/Content/Controls/ControlRig_Hexagon_solid.ubulk" 432
"../../../Engine/Plugins/Animation/ControlRig/Content/Controls/ControlRig_Hexagon_solid.uasset" 433
"../../../Engine/Plugins/Animation/ControlRig/Content/Controls/ControlRig_Hexagon_solid.uexp" 434
"../../../Engine/Plugins/Animation/ControlRig/Content/Controls/ControlRig_Hexagon_3mm.ubulk" 435
"../../../Engine/Plugins/Animation/ControlRig/Content/Controls/ControlRig_Hexagon_3mm.uasset" 436
"../../../Engine/Plugins/Animation/ControlRig/Content/Controls/ControlRig_Hexagon_3mm.uexp" 437
"../../../Engine/Plugins/Animation/ControlRig/Content/Controls/ControlRig_Hexagon_1mm.ubulk" 438
"../../../Engine/Plugins/Animation/ControlRig/Content/Controls/ControlRig_Hexagon_1mm.uasset" 439
"../../../Engine/Plugins/Animation/ControlRig/Content/Controls/ControlRig_Hexagon_1mm.uexp" 440
"../../../Engine/Plugins/Animation/ControlRig/Content/Controls/ControlRig_HalfCircle_solid.ubulk" 441
"../../../Engine/Plugins/Animation/ControlRig/Content/Controls/ControlRig_HalfCircle_solid.uasset" 442
"../../../Engine/Plugins/Animation/ControlRig/Content/Controls/ControlRig_HalfCircle_solid.uexp" 443
"../../../Engine/Plugins/Animation/ControlRig/Content/Controls/ControlRig_HalfCircle_3mm.ubulk" 444
"../../../Engine/Plugins/Animation/ControlRig/Content/Controls/ControlRig_HalfCircle_3mm.uasset" 445
"../../../Engine/Plugins/Animation/ControlRig/Content/Controls/ControlRig_HalfCircle_3mm.uexp" 446
"../../../Engine/Plugins/Animation/ControlRig/Content/Controls/ControlRig_HalfCircle_1mm.ubulk" 447
"../../../Engine/Plugins/Animation/ControlRig/Content/Controls/ControlRig_HalfCircle_1mm.uasset" 448
"../../../Engine/Plugins/Animation/ControlRig/Content/Controls/ControlRig_HalfCircle_1mm.uexp" 449
"../../../Engine/Plugins/Animation/ControlRig/Content/Controls/ControlRig_Diamond_solid.ubulk" 450
"../../../Engine/Plugins/Animation/ControlRig/Content/Controls/ControlRig_Diamond_solid.uasset" 451
"../../../Engine/Plugins/Animation/ControlRig/Content/Controls/ControlRig_Diamond_solid.uexp" 452
"../../../Engine/Plugins/Animation/ControlRig/Content/Controls/ControlRig_Diamond_3mm.ubulk" 453
"../../../Engine/Plugins/Animation/ControlRig/Content/Controls/ControlRig_Diamond_3mm.uasset" 454
"../../../Engine/Plugins/Animation/ControlRig/Content/Controls/ControlRig_Diamond_3mm.uexp" 455
"../../../Engine/Plugins/Animation/ControlRig/Content/Controls/ControlRig_Diamond_1mm.ubulk" 456
"../../../Engine/Plugins/Animation/ControlRig/Content/Controls/ControlRig_Diamond_1mm.uasset" 457
"../../../Engine/Plugins/Animation/ControlRig/Content/Controls/ControlRig_Diamond_1mm.uexp" 458
"../../../Engine/Plugins/Animation/ControlRig/Content/Controls/ControlRig_Circle_solid.ubulk" 459
"../../../Engine/Plugins/Animation/ControlRig/Content/Controls/ControlRig_Circle_solid.uasset" 460
"../../../Engine/Plugins/Animation/ControlRig/Content/Controls/ControlRig_Circle_solid.uexp" 461
"../../../Engine/Plugins/Animation/ControlRig/Content/Controls/ControlRig_Circle_3mm.ubulk" 462
"../../../Engine/Plugins/Animation/ControlRig/Content/Controls/ControlRig_Circle_3mm.uasset" 463
"../../../Engine/Plugins/Animation/ControlRig/Content/Controls/ControlRig_Circle_3mm.uexp" 464
"../../../Engine/Plugins/Animation/ControlRig/Content/Controls/ControlRig_Circle_1mm.ubulk" 465
"../../../Engine/Plugins/Animation/ControlRig/Content/Controls/ControlRig_Circle_1mm.uasset" 466
"../../../Engine/Plugins/Animation/ControlRig/Content/Controls/ControlRig_Circle_1mm.uexp" 467
"../../../Engine/Plugins/Animation/ControlRig/Content/Controls/ControlRig_Box_solid.ubulk" 468
"../../../Engine/Plugins/Animation/ControlRig/Content/Controls/ControlRig_Box_solid.uasset" 469
"../../../Engine/Plugins/Animation/ControlRig/Content/Controls/ControlRig_Box_solid.uexp" 470
"../../../Engine/Plugins/Animation/ControlRig/Content/Controls/ControlRig_Box_3mm.ubulk" 471
"../../../Engine/Plugins/Animation/ControlRig/Content/Controls/ControlRig_Box_3mm.uasset" 472
"../../../Engine/Plugins/Animation/ControlRig/Content/Controls/ControlRig_Box_3mm.uexp" 473
"../../../Engine/Plugins/Animation/ControlRig/Content/Controls/ControlRig_Box_1mm.ubulk" 474
"../../../Engine/Plugins/Animation/ControlRig/Content/Controls/ControlRig_Box_1mm.uasset" 475
"../../../Engine/Plugins/Animation/ControlRig/Content/Controls/ControlRig_Box_1mm.uexp" 476
"../../../Engine/Plugins/Animation/ControlRig/Content/Controls/ControlRig_Arrow_solid.ubulk" 477
"../../../Engine/Plugins/Animation/ControlRig/Content/Controls/ControlRig_Arrow_solid.uasset" 478
"../../../Engine/Plugins/Animation/ControlRig/Content/Controls/ControlRig_Arrow_solid.uexp" 479
"../../../Engine/Plugins/Animation/ControlRig/Content/Controls/ControlRig_Arrow_3mm.ubulk" 480
"../../../Engine/Plugins/Animation/ControlRig/Content/Controls/ControlRig_Arrow_3mm.uasset" 481
"../../../Engine/Plugins/Animation/ControlRig/Content/Controls/ControlRig_Arrow_3mm.uexp" 482
"../../../Engine/Plugins/Animation/ControlRig/Content/Controls/ControlRig_Arrow_1mm.ubulk" 483
"../../../Engine/Plugins/Animation/ControlRig/Content/Controls/ControlRig_Arrow_1mm.uasset" 484
"../../../Engine/Plugins/Animation/ControlRig/Content/Controls/ControlRig_Arrow_1mm.uexp" 485
"../../../Engine/Plugins/Animation/ControlRig/Content/Controls/ControlRig_Arrow4_solid.ubulk" 486
"../../../Engine/Plugins/Animation/ControlRig/Content/Controls/ControlRig_Arrow4_solid.uasset" 487
"../../../Engine/Plugins/Animation/ControlRig/Content/Controls/ControlRig_Arrow4_solid.uexp" 488
"../../../Engine/Plugins/Animation/ControlRig/Content/Controls/ControlRig_Arrow4_3mm.ubulk" 489
"../../../Engine/Plugins/Animation/ControlRig/Content/Controls/ControlRig_Arrow4_3mm.uasset" 490
"../../../Engine/Plugins/Animation/ControlRig/Content/Controls/ControlRig_Arrow4_3mm.uexp" 491
"../../../Engine/Plugins/Animation/ControlRig/Content/Controls/ControlRig_Arrow4_1mm.ubulk" 492
"../../../Engine/Plugins/Animation/ControlRig/Content/Controls/ControlRig_Arrow4_1mm.uasset" 493
"../../../Engine/Plugins/Animation/ControlRig/Content/Controls/ControlRig_Arrow4_1mm.uexp" 494
"../../../Engine/Plugins/Animation/ControlRig/Content/Controls/ControlRig_Arrow2_solid.ubulk" 495
"../../../Engine/Plugins/Animation/ControlRig/Content/Controls/ControlRig_Arrow2_solid.uasset" 496
"../../../Engine/Plugins/Animation/ControlRig/Content/Controls/ControlRig_Arrow2_solid.uexp" 497
"../../../Engine/Plugins/Animation/ControlRig/Content/Controls/ControlRig_Arrow2_3mm.ubulk" 498
"../../../Engine/Plugins/Animation/ControlRig/Content/Controls/ControlRig_Arrow2_3mm.uasset" 499
"../../../Engine/Plugins/Animation/ControlRig/Content/Controls/ControlRig_Arrow2_3mm.uexp" 500
"../../../Engine/Plugins/Animation/ControlRig/Content/Controls/ControlRig_Arrow2_1mm.ubulk" 501
"../../../Engine/Plugins/Animation/ControlRig/Content/Controls/ControlRig_Arrow2_1mm.uasset" 502
"../../../Engine/Plugins/Animation/ControlRig/Content/Controls/ControlRig_Arrow2_1mm.uexp" 503
"../../../Engine/Plugins/Animation/ControlRig/Content/Controls/ControlRigXRayMaterial.uasset" 504
"../../../Engine/Plugins/Animation/ControlRig/Content/Controls/ControlRigXRayMaterial.uexp" 505
"../../../Engine/Plugins/Animation/ControlRig/Content/Controls/ControlRigGizmoMaterial.uasset" 506
"../../../Engine/Plugins/Animation/ControlRig/Content/Controls/ControlRigGizmoMaterial.uexp" 507
"../../../Engine/Plugins/Animation/ACLPlugin/Content/ACLAnimCurveCompressionSettings.uasset" 508
"../../../Engine/Plugins/Animation/ACLPlugin/Content/ACLAnimCurveCompressionSettings.uexp" 509
"../../../Engine/Plugins/Animation/ACLPlugin/Content/ACLAnimBoneCompressionSettings.uasset" 510
"../../../Engine/Plugins/Animation/ACLPlugin/Content/ACLAnimBoneCompressionSettings.uexp" 511
"../../../Engine/Plugins/2D/Paper2D/Content/PlaceholderTextures/DummySpriteTexture.ubulk" 512
"../../../Engine/Plugins/2D/Paper2D/Content/PlaceholderTextures/DummySpriteTexture.uasset" 513
"../../../Engine/Plugins/2D/Paper2D/Content/PlaceholderTextures/DummySpriteTexture.uexp" 514
"../../../Engine/Plugins/2D/Paper2D/Content/DefaultSpriteMaterial.uasset" 515
"../../../Engine/Plugins/2D/Paper2D/Content/DefaultSpriteMaterial.uexp" 516
"../../../Engine/Plugins/2D/Paper2D/Content/OpaqueUnlitSpriteMaterial.uasset" 517
"../../../Engine/Plugins/2D/Paper2D/Content/OpaqueUnlitSpriteMaterial.uexp" 518
"../../../Engine/Plugins/2D/Paper2D/Content/MaskedUnlitSpriteMaterial.uasset" 519
"../../../Engine/Plugins/2D/Paper2D/Content/MaskedUnlitSpriteMaterial.uexp" 520
"../../../Engine/Plugins/2D/Paper2D/Content/DummySprite.uasset" 521
"../../../Engine/Plugins/2D/Paper2D/Content/DummySprite.uexp" 522
"../../../Engine/Plugins/2D/Paper2D/Content/DefaultPaperTerrainMaterial.uasset" 523
"../../../Engine/Plugins/2D/Paper2D/Content/DefaultPaperTerrainMaterial.uexp" 524
"../../../Engine/Content/VREditor/TransformGizmo/StartRotationHandleIndicator.ubulk" 525
"../../../Engine/Content/VREditor/TransformGizmo/StartRotationHandleIndicator.uasset" 526
"../../../Engine/Content/VREditor/TransformGizmo/StartRotationHandleIndicator.uexp" 527
"../../../Engine/Content/VREditor/Sounds/UI/Drop_Item_From_ContentBrowser.ubulk" 528
"../../../Engine/Content/VREditor/Sounds/UI/Drop_Item_From_ContentBrowser.uasset" 529
"../../../Engine/Content/VREditor/Sounds/UI/Drop_Item_From_ContentBrowser.uexp" 530
"../../../Engine/Content/VREditor/TransformGizmo/PlaneTranslationHandle.ubulk" 531
"../../../Engine/Content/VREditor/TransformGizmo/PlaneTranslationHandle.uasset" 532
"../../../Engine/Content/VREditor/TransformGizmo/PlaneTranslationHandle.uexp" 533
"../../../Engine/Content/VREditor/Sounds/UI/Object_Snaps_To_Grid.ubulk" 534
"../../../Engine/Content/VREditor/Sounds/UI/Object_Snaps_To_Grid.uasset" 535
"../../../Engine/Content/VREditor/Sounds/UI/Object_Snaps_To_Grid.uexp" 536
"../../../Engine/Content/VREditor/Sounds/UI/Selection_Changes.ubulk" 537
"../../../Engine/Content/VREditor/Sounds/UI/Selection_Changes.uasset" 538
"../../../Engine/Content/VREditor/Sounds/UI/Selection_Changes.uexp" 539
"../../../Engine/Content/VREditor/Sounds/UI/Object_Snaps_To_Another_Actor.ubulk" 540
"../../../Engine/Content/VREditor/Sounds/UI/Object_Snaps_To_Another_Actor.uasset" 541
"../../../Engine/Content/VREditor/Sounds/UI/Object_Snaps_To_Another_Actor.uexp" 542
"../../../Engine/Content/VREditor/TransformGizmo/TranslucentTransformGizmoMaterial_Inst.uasset" 543
"../../../Engine/Content/VREditor/TransformGizmo/TranslucentTransformGizmoMaterial_Inst.uexp" 544
"../../../Engine/Content/VREditor/TransformGizmo/TransformGizmoFreeRotation.ubulk" 545
"../../../Engine/Content/VREditor/TransformGizmo/TransformGizmoFreeRotation.uasset" 546
"../../../Engine/Content/VREditor/TransformGizmo/TransformGizmoFreeRotation.uexp" 547
"../../../Engine/Content/VREditor/Sounds/UI/Scaling_Down.ubulk" 548
"../../../Engine/Content/VREditor/Sounds/UI/Scaling_Down.uasset" 549
"../../../Engine/Content/VREditor/Sounds/UI/Scaling_Down.uexp" 550
"../../../Engine/Content/Functions/Engine_MaterialFunctions02/Math/Transform3x3Matrix.uasset" 551
"../../../Engine/Content/Functions/Engine_MaterialFunctions02/Math/Transform3x3Matrix.uexp" 552
"../../../Engine/Content/Functions/Engine_MaterialFunctions02/SplitComponents.uasset" 553
"../../../Engine/Content/Functions/Engine_MaterialFunctions02/SplitComponents.uexp" 554
"../../../Engine/Content/VREditor/SnapGrid/SnapGridMaterial.uasset" 555
"../../../Engine/Content/VREditor/SnapGrid/SnapGridMaterial.uexp" 556
"../../../Engine/Content/VREditor/SnapGrid/SnapGridPlaneMesh.ubulk" 557
"../../../Engine/Content/VREditor/SnapGrid/SnapGridPlaneMesh.uasset" 558
"../../../Engine/Content/VREditor/SnapGrid/SnapGridPlaneMesh.uexp" 559
"../../../Engine/Content/VREditor/Sounds/UI/Scaling_Up.ubulk" 560
"../../../Engine/Content/VREditor/Sounds/UI/Scaling_Up.uasset" 561
"../../../Engine/Content/VREditor/Sounds/UI/Scaling_Up.uexp" 562
"../../../Engine/Content/VREditor/TransformGizmo/TransformGizmoMaterial_Inst.uasset" 563
"../../../Engine/Content/VREditor/TransformGizmo/TransformGizmoMaterial_Inst.uexp" 564
"../../../Engine/Content/VREditor/Sounds/UI/Gizmo_Handle_Clicked.ubulk" 565
"../../../Engine/Content/VREditor/Sounds/UI/Gizmo_Handle_Clicked.uasset" 566
"../../../Engine/Content/VREditor/Sounds/UI/Gizmo_Handle_Clicked.uexp" 567
"../../../Engine/Content/VREditor/TransformGizmo/RotationHandleQuarter.ubulk" 568
"../../../Engine/Content/VREditor/TransformGizmo/RotationHandleQuarter.uasset" 569
"../../../Engine/Content/VREditor/TransformGizmo/RotationHandleQuarter.uexp" 570
"../../../Engine/Content/VREditor/TransformGizmo/TranslateArrowHandle.ubulk" 571
"../../../Engine/Content/VREditor/TransformGizmo/TranslateArrowHandle.uasset" 572
"../../../Engine/Content/VREditor/TransformGizmo/TranslateArrowHandle.uexp" 573
"../../../Engine/Content/VREditor/TransformGizmo/RotationHandleIndicator.ubulk" 574
"../../../Engine/Content/VREditor/TransformGizmo/RotationHandleIndicator.uasset" 575
"../../../Engine/Content/VREditor/TransformGizmo/RotationHandleIndicator.uexp" 576
"../../../Engine/Content/VREditor/TransformGizmo/UniformScaleHandle.ubulk" 577
"../../../Engine/Content/VREditor/TransformGizmo/UniformScaleHandle.uasset" 578
"../../../Engine/Content/VREditor/TransformGizmo/UniformScaleHandle.uexp" 579
"../../../Engine/Content/VREditor/TransformGizmo/RotationHandleFull.ubulk" 580
"../../../Engine/Content/VREditor/TransformGizmo/RotationHandleFull.uasset" 581
"../../../Engine/Content/VREditor/TransformGizmo/RotationHandleFull.uexp" 582
"../../../Engine/Content/VREditor/Sounds/UI/Object_PickUp.ubulk" 583
"../../../Engine/Content/VREditor/Sounds/UI/Object_PickUp.uasset" 584
"../../../Engine/Content/VREditor/Sounds/UI/Object_PickUp.uexp" 585
"../../../Engine/Content/EngineSounds/Master.uasset" 586
"../../../Engine/Content/EngineSounds/Master.uexp" 587
"../../../Engine/Content/EngineResources/WhiteSquareTexture.uasset" 588
"../../../Engine/Content/EngineResources/WhiteSquareTexture.uexp" 589
"../../../Engine/Content/EngineMaterials/Widget3DPassThrough.uasset" 590
"../../../Engine/Content/EngineMaterials/Widget3DPassThrough.uexp" 591
"../../../Engine/Content/EngineMaterials/Widget3DPassThrough_Translucent.uasset" 592
"../../../Engine/Content/EngineMaterials/Widget3DPassThrough_Translucent.uexp" 593
"../../../Engine/Content/EngineMaterials/Widget3DPassThrough_Translucent_OneSided.uasset" 594
"../../../Engine/Content/EngineMaterials/Widget3DPassThrough_Translucent_OneSided.uexp" 595
"../../../Engine/Content/EngineMaterials/Widget3DPassThrough_Opaque.uasset" 596
"../../../Engine/Content/EngineMaterials/Widget3DPassThrough_Opaque.uexp" 597
"../../../Engine/Content/EngineMaterials/Widget3DPassThrough_Opaque_OneSided.uasset" 598
"../../../Engine/Content/EngineMaterials/Widget3DPassThrough_Opaque_OneSided.uexp" 599
"../../../Engine/Content/EngineMaterials/Widget3DPassThrough_Masked_OneSided.uasset" 600
"../../../Engine/Content/EngineMaterials/Widget3DPassThrough_Masked_OneSided.uexp" 601
"../../../Engine/Content/EngineMaterials/Widget3DPassThrough_Masked.uasset" 602
"../../../Engine/Content/EngineMaterials/Widget3DPassThrough_Masked.uexp" 603
"../../../Engine/Content/EngineMaterials/STBlueNoise_vec2_128x128x64.uasset" 604
"../../../Engine/Content/EngineMaterials/STBlueNoise_vec2_128x128x64.uexp" 605
"../../../Engine/Content/EngineMaterials/STBlueNoise_scalar_128x128x64.uasset" 606
"../../../Engine/Content/EngineMaterials/STBlueNoise_scalar_128x128x64.uexp" 607
"../../../Engine/Content/EngineMaterials/RemoveSurfaceMaterial.uasset" 608
"../../../Engine/Content/EngineMaterials/RemoveSurfaceMaterial.uexp" 609
"../../../Engine/Content/EngineMaterials/DefaultCalibrationGrayscale.uasset" 610
"../../../Engine/Content/EngineMaterials/DefaultCalibrationGrayscale.uexp" 611
"../../../Engine/Content/EngineMaterials/PPM_DefaultCalibrationGrayscale.uasset" 612
"../../../Engine/Content/EngineMaterials/PPM_DefaultCalibrationGrayscale.uexp" 613
"../../../Engine/Content/EngineMaterials/DefaultCalibrationColor.uasset" 614
"../../../Engine/Content/EngineMaterials/DefaultCalibrationColor.uexp" 615
"../../../Engine/Content/EngineMaterials/PPM_DefaultCalibrationColor.uasset" 616
"../../../Engine/Content/EngineMaterials/PPM_DefaultCalibrationColor.uexp" 617
"../../../Engine/Content/EngineMaterials/PhAT_JointLimitMaterial.uasset" 618
"../../../Engine/Content/EngineMaterials/PhAT_JointLimitMaterial.uexp" 619
"../../../Engine/Content/EngineMaterials/NaniteHiddenSectionMaterial.uasset" 620
"../../../Engine/Content/EngineMaterials/NaniteHiddenSectionMaterial.uexp" 621
"../../../Engine/Content/EngineMaterials/InvalidLightmapSettings.ubulk" 622
"../../../Engine/Content/EngineMaterials/InvalidLightmapSettings.uasset" 623
"../../../Engine/Content/EngineMaterials/InvalidLightmapSettings.uexp" 624
"../../../Engine/Content/EngineMaterials/M_InvalidLightmapSettings.uasset" 625
"../../../Engine/Content/EngineMaterials/M_InvalidLightmapSettings.uexp" 626
"../../../Engine/Content/EngineMaterials/GizmoMaterial.uasset" 627
"../../../Engine/Content/EngineMaterials/GizmoMaterial.uexp" 628
"../../../Engine/Content/EngineMaterials/BaseFlattenEmissiveMap_VT.uasset" 629
"../../../Engine/Content/EngineMaterials/BaseFlattenEmissiveMap_VT.uexp" 630
"../../../Engine/Content/EngineMaterials/BaseFlattenGrayscaleMap_VT.uasset" 631
"../../../Engine/Content/EngineMaterials/BaseFlattenGrayscaleMap_VT.uexp" 632
"../../../Engine/Content/EngineMaterials/BaseFlattenLinearColor_VT.uasset" 633
"../../../Engine/Content/EngineMaterials/BaseFlattenLinearColor_VT.uexp" 634
"../../../Engine/Content/EngineMaterials/Black_1x1_EXR_Texture_VT.uasset" 635
"../../../Engine/Content/EngineMaterials/Black_1x1_EXR_Texture_VT.uexp" 636
"../../../Engine/Content/EngineMaterials/BaseFlattenDiffuseMap_VT.uasset" 637
"../../../Engine/Content/EngineMaterials/BaseFlattenDiffuseMap_VT.uexp" 638
"../../../Engine/Content/EngineMaterials/BaseFlattenNormalMap_VT.uasset" 639
"../../../Engine/Content/EngineMaterials/BaseFlattenNormalMap_VT.uexp" 640
"../../../Engine/Content/EngineMaterials/FlattenMaterial_WS_Normal_VT.uasset" 641
"../../../Engine/Content/EngineMaterials/FlattenMaterial_WS_Normal_VT.uexp" 642
"../../../Engine/Content/EngineMaterials/FlattenMaterial_VT.uasset" 643
"../../../Engine/Content/EngineMaterials/FlattenMaterial_VT.uexp" 644
"../../../Engine/Content/EngineMaterials/BaseFlattenNormalMap.uasset" 645
"../../../Engine/Content/EngineMaterials/BaseFlattenNormalMap.uexp" 646
"../../../Engine/Content/EngineMaterials/BaseFlattenGrayscaleMap.uasset" 647
"../../../Engine/Content/EngineMaterials/BaseFlattenGrayscaleMap.uexp" 648
"../../../Engine/Content/EngineMaterials/BaseFlattenDiffuseMap.uasset" 649
"../../../Engine/Content/EngineMaterials/BaseFlattenDiffuseMap.uexp" 650
"../../../Engine/Content/Functions/Engine_MaterialFunctions02/PivotPainter2/Black_1x1_EXR_Texture.uasset" 651
"../../../Engine/Content/Functions/Engine_MaterialFunctions02/PivotPainter2/Black_1x1_EXR_Texture.uexp" 652
"../../../Engine/Content/EngineMaterials/BaseFlattenEmissiveMap.uasset" 653
"../../../Engine/Content/EngineMaterials/BaseFlattenEmissiveMap.uexp" 654
"../../../Engine/Content/EngineMaterials/BaseFlattenLinearColor.uasset" 655
"../../../Engine/Content/EngineMaterials/BaseFlattenLinearColor.uexp" 656
"../../../Engine/Content/EngineMaterials/FlattenMaterial.uasset" 657
"../../../Engine/Content/EngineMaterials/FlattenMaterial.uexp" 658
"../../../Engine/Content/EngineMaterials/DefaultWhiteGrid_Low.uasset" 659
"../../../Engine/Content/EngineMaterials/DefaultWhiteGrid_Low.uexp" 660
"../../../Engine/Content/EngineMaterials/EmissiveMeshMaterial.uasset" 661
"../../../Engine/Content/EngineMaterials/EmissiveMeshMaterial.uexp" 662
"../../../Engine/Content/EngineFonts/RobotoDistanceField.uasset" 663
"../../../Engine/Content/EngineFonts/RobotoDistanceField.uexp" 664
"../../../Engine/Content/EngineMaterials/DefaultTextMaterialOpaque.uasset" 665
"../../../Engine/Content/EngineMaterials/DefaultTextMaterialOpaque.uexp" 666
"../../../Engine/Content/EngineMaterials/DefaultDiffuse.ubulk" 667
"../../../Engine/Content/EngineMaterials/DefaultDiffuse.uasset" 668
"../../../Engine/Content/EngineMaterials/DefaultDiffuse.uexp" 669
"../../../Engine/Content/Functions/Engine_MaterialFunctions02/Utility/BreakOutFloat2Components.uasset" 670
"../../../Engine/Content/Functions/Engine_MaterialFunctions02/Utility/BreakOutFloat2Components.uexp" 671
"../../../Engine/Content/EngineMaterials/DefaultPostProcessMaterial.uasset" 672
"../../../Engine/Content/EngineMaterials/DefaultPostProcessMaterial.uexp" 673
"../../../Engine/Content/EngineMaterials/DefaultPhysicalMaterial.uasset" 674
"../../../Engine/Content/EngineMaterials/DefaultPhysicalMaterial.uexp" 675
"../../../Engine/Content/EngineMaterials/DefaultLightFunctionMaterial.uasset" 676
"../../../Engine/Content/EngineMaterials/DefaultLightFunctionMaterial.uexp" 677
"../../../Engine/Content/EngineMaterials/DefaultDestructiblePhysicalMaterial.uasset" 678
"../../../Engine/Content/EngineMaterials/DefaultDestructiblePhysicalMaterial.uexp" 679
"../../../Engine/Content/EngineMaterials/DefaultDeferredDecalMaterial.uasset" 680
"../../../Engine/Content/EngineMaterials/DefaultDeferredDecalMaterial.uexp" 681
"../../../Engine/Content/EngineMaterials/DefaultBloomKernel.uasset" 682
"../../../Engine/Content/EngineMaterials/DefaultBloomKernel.uexp" 683
"../../../Engine/Content/EngineFonts/Faces/RobotoLight.uexp" 684
"../../../Engine/Content/EngineFonts/Faces/RobotoLight.uasset" 685
"../../../Engine/Content/EngineFonts/Faces/RobotoLight.ufont" 686
"../../../Engine/Content/EngineFonts/Faces/RobotoBold.uexp" 687
"../../../Engine/Content/EngineFonts/Faces/RobotoBold.uasset" 688
"../../../Engine/Content/EngineFonts/Faces/RobotoBold.ufont" 689
"../../../Engine/Content/EngineFonts/Faces/RobotoRegular.uexp" 690
"../../../Engine/Content/EngineFonts/Faces/RobotoRegular.uasset" 691
"../../../Engine/Content/EngineFonts/Faces/RobotoRegular.ufont" 692
"../../../Engine/Content/EngineFonts/Faces/DroidSansFallback.uexp" 693
"../../../Engine/Content/EngineFonts/Faces/DroidSansFallback.uasset" 694
"../../../Engine/Content/EngineFonts/Faces/DroidSansFallback.ufont" 695
"../../../Engine/Content/EngineFonts/Faces/RobotoItalic.uexp" 696
"../../../Engine/Content/EngineFonts/Faces/RobotoItalic.uasset" 697
"../../../Engine/Content/EngineFonts/Faces/RobotoItalic.ufont" 698
"../../../Engine/Content/EngineFonts/Faces/RobotoBoldItalic.uexp" 699
"../../../Engine/Content/EngineFonts/Faces/RobotoBoldItalic.uasset" 700
"../../../Engine/Content/EngineFonts/Faces/RobotoBoldItalic.ufont" 701
"../../../Engine/Content/EngineFonts/Roboto.uasset" 702
"../../../Engine/Content/EngineFonts/Roboto.uexp" 703
"../../../Engine/Content/EngineDebugMaterials/VolumeToRender.uasset" 704
"../../../Engine/Content/EngineDebugMaterials/VolumeToRender.uexp" 705
"../../../Engine/Content/EngineDebugMaterials/M_VolumeRenderSphereTracePP.uasset" 706
"../../../Engine/Content/EngineDebugMaterials/M_VolumeRenderSphereTracePP.uexp" 707
"../../../Engine/Content/EngineDebugMaterials/M_SimpleUnlitTranslucent.uasset" 708
"../../../Engine/Content/EngineDebugMaterials/M_SimpleUnlitTranslucent.uexp" 709
"../../../Engine/Content/EngineDebugMaterials/DebugMeshMaterial.uasset" 710
"../../../Engine/Content/EngineDebugMaterials/DebugMeshMaterial.uexp" 711
"../../../Engine/Content/EngineDebugMaterials/DebugEditorMaterial.uasset" 712
"../../../Engine/Content/EngineDebugMaterials/DebugEditorMaterial.uexp" 713
"../../../Engine/Content/EngineDamageTypes/DmgTypeBP_Environmental.uasset" 714
"../../../Engine/Content/EngineDamageTypes/DmgTypeBP_Environmental.uexp" 715
"../../../Engine/Content/EditorResources/EmptyActor.uasset" 716
"../../../Engine/Content/EditorResources/EmptyActor.uexp" 717
"../../../Engine/Content/EditorResources/BSPVertex.uasset" 718
"../../../Engine/Content/EditorResources/BSPVertex.uexp" 719
"../../../Engine/Content/EditorMaterials/PreviewShadowIndicator.ubulk" 720
"../../../Engine/Content/EditorMaterials/PreviewShadowIndicator.uasset" 721
"../../../Engine/Content/EditorMaterials/PreviewShadowIndicator.uexp" 722
"../../../Engine/Content/EditorMaterials/PreviewShadowIndicatorMaterial.uasset" 723
"../../../Engine/Content/EditorMaterials/PreviewShadowIndicatorMaterial.uexp" 724
"../../../Engine/Content/EditorMaterials/PhAT_UnselectedMaterial.uasset" 725
"../../../Engine/Content/EditorMaterials/PhAT_UnselectedMaterial.uexp" 726
"../../../Engine/Content/EditorMaterials/PhAT_NoCollisionMaterial.uasset" 727
"../../../Engine/Content/EditorMaterials/PhAT_NoCollisionMaterial.uexp" 728
"../../../Engine/Content/EditorLandscapeResources/DefaultAlphaTexture.uasset" 729
"../../../Engine/Content/EditorLandscapeResources/DefaultAlphaTexture.uexp" 730
"../../../Engine/Content/EditorLandscapeResources/DataLayer.uasset" 731
"../../../Engine/Content/EditorLandscapeResources/DataLayer.uexp" 732
"../../../Engine/Content/EngineMaterials/DefaultMaterial.uasset" 733
"../../../Engine/Content/EngineMaterials/DefaultMaterial.uexp" 734
"../../../Engine/Content/BasicShapes/Sphere.ubulk" 735
"../../../Engine/Content/BasicShapes/Sphere.uasset" 736
"../../../Engine/Content/BasicShapes/Sphere.uexp" 737
"../../../Engine/Content/BasicShapes/Plane.ubulk" 738
"../../../Engine/Content/BasicShapes/Plane.uasset" 739
"../../../Engine/Content/BasicShapes/Plane.uexp" 740
"../../../Engine/Content/BasicShapes/Cylinder.ubulk" 741
"../../../Engine/Content/BasicShapes/Cylinder.uasset" 742
"../../../Engine/Content/BasicShapes/Cylinder.uexp" 743
"../../../Engine/Content/BasicShapes/Cube.ubulk" 744
"../../../Engine/Content/BasicShapes/Cube.uasset" 745
"../../../Engine/Content/BasicShapes/Cube.uexp" 746
"../../../Engine/Content/BasicShapes/Cone.ubulk" 747
"../../../Engine/Content/BasicShapes/Cone.uasset" 748
"../../../Engine/Content/BasicShapes/Cone.uexp" 749
"../../../Engine/Content/BasicShapes/BasicShapeMaterial.uasset" 750
"../../../Engine/Content/BasicShapes/BasicShapeMaterial.uexp" 751
"../../../Engine/Content/Animation/DefaultVariableFrameStrippingSettings.uasset" 752
"../../../Engine/Content/Animation/DefaultVariableFrameStrippingSettings.uexp" 753
"../../../Engine/Content/Animation/DefaultRecorderBoneCompression.uasset" 754
"../../../Engine/Content/Animation/DefaultRecorderBoneCompression.uexp" 755
"../../../Engine/Plugins/Marketplace/CesiumForUnreal_5.4/Content/Textures/NoColorTexture.uasset" 756
"../../../Engine/Plugins/Marketplace/CesiumForUnreal_5.4/Content/Textures/NoColorTexture.uexp" 757
"../../../Engine/Plugins/Marketplace/CesiumForUnreal_5.4/Content/Textures/NoMetallicRoughnessTexture.uasset" 758
"../../../Engine/Plugins/Marketplace/CesiumForUnreal_5.4/Content/Textures/NoMetallicRoughnessTexture.uexp" 759
"../../../Engine/Plugins/Marketplace/CesiumForUnreal_5.4/Content/Materials/MaterialFunctions/CesiumSelectTexCoords.uasset" 760
"../../../Engine/Plugins/Marketplace/CesiumForUnreal_5.4/Content/Materials/MaterialFunctions/CesiumSelectTexCoords.uexp" 761
"../../../Engine/Plugins/Marketplace/CesiumForUnreal_5.4/Content/Textures/NoNormalTexture.uasset" 762
"../../../Engine/Plugins/Marketplace/CesiumForUnreal_5.4/Content/Textures/NoNormalTexture.uexp" 763
"../../../Engine/Content/Functions/Engine_MaterialFunctions02/Utility/MakeFloat2.uasset" 764
"../../../Engine/Content/Functions/Engine_MaterialFunctions02/Utility/MakeFloat2.uexp" 765
"../../../Engine/Plugins/Marketplace/CesiumForUnreal_5.4/Content/Materials/MaterialFunctions/MF_CesiumTransformTextureCoordinates.uasset" 766
"../../../Engine/Plugins/Marketplace/CesiumForUnreal_5.4/Content/Materials/MaterialFunctions/MF_CesiumTransformTextureCoordinates.uexp" 767
"../../../Engine/Plugins/Marketplace/CesiumForUnreal_5.4/Content/Materials/MaterialFunctions/CesiumGlTFFunction.uasset" 768
"../../../Engine/Plugins/Marketplace/CesiumForUnreal_5.4/Content/Materials/MaterialFunctions/CesiumGlTFFunction.uexp" 769
"../../../Engine/Plugins/Marketplace/CesiumForUnreal_5.4/Content/Materials/Layers/ML_CesiumGltf.uasset" 770
"../../../Engine/Plugins/Marketplace/CesiumForUnreal_5.4/Content/Materials/Layers/ML_CesiumGltf.uexp" 771
"../../../Engine/Content/ArtTools/RenderToTexture/Textures/127grey.uasset" 772
"../../../Engine/Content/ArtTools/RenderToTexture/Textures/127grey.uexp" 773
"../../../Engine/Content/Functions/Engine_MaterialFunctions02/Utility/DitherTemporalAA.uasset" 774
"../../../Engine/Content/Functions/Engine_MaterialFunctions02/Utility/DitherTemporalAA.uexp" 775
"../../../Engine/Plugins/Marketplace/CesiumForUnreal_5.4/Content/Materials/Layers/ML_DitherFade.uasset" 776
"../../../Engine/Plugins/Marketplace/CesiumForUnreal_5.4/Content/Materials/Layers/ML_DitherFade.uexp" 777
"../../../Engine/Plugins/Marketplace/CesiumForUnreal_5.4/Content/Textures/transparent1x1.uasset" 778
"../../../Engine/Plugins/Marketplace/CesiumForUnreal_5.4/Content/Textures/transparent1x1.uexp" 779
"../../../Engine/Plugins/Marketplace/CesiumForUnreal_5.4/Content/Materials/MaterialFunctions/MF_CesiumSampleRasterOverlay.uasset" 780
"../../../Engine/Plugins/Marketplace/CesiumForUnreal_5.4/Content/Materials/MaterialFunctions/MF_CesiumSampleRasterOverlay.uexp" 781
"../../../Engine/Plugins/Marketplace/CesiumForUnreal_5.4/Content/Materials/Layers/ML_CesiumRasterOverlay.uasset" 782
"../../../Engine/Plugins/Marketplace/CesiumForUnreal_5.4/Content/Materials/Layers/ML_CesiumRasterOverlay.uexp" 783
"../../../Engine/Plugins/Marketplace/CesiumForUnreal_5.4/Content/Materials/Blends/MLB_CesiumAlphaBlendBaseColor.uasset" 784
"../../../Engine/Plugins/Marketplace/CesiumForUnreal_5.4/Content/Materials/Blends/MLB_CesiumAlphaBlendBaseColor.uexp" 785
"../../../Engine/Plugins/Marketplace/CesiumForUnreal_5.4/Content/Materials/Blends/MLB_CesiumClipping.uasset" 786
"../../../Engine/Plugins/Marketplace/CesiumForUnreal_5.4/Content/Materials/Blends/MLB_CesiumClipping.uexp" 787
"../../../Engine/Plugins/Marketplace/CesiumForUnreal_5.4/Content/Materials/Blends/MLB_DitherFade.uasset" 788
"../../../Engine/Plugins/Marketplace/CesiumForUnreal_5.4/Content/Materials/Blends/MLB_DitherFade.uexp" 789
"../../../Engine/Plugins/Marketplace/CesiumForUnreal_5.4/Content/Materials/M_CesiumBaseMaterial.uasset" 790
"../../../Engine/Plugins/Marketplace/CesiumForUnreal_5.4/Content/Materials/M_CesiumBaseMaterial.uexp" 791
"../../../Engine/Plugins/Marketplace/CesiumForUnreal_5.4/Content/Materials/Instances/MI_CesiumThreeOverlaysAndClippingTranslucent.uasset" 792
"../../../Engine/Plugins/Marketplace/CesiumForUnreal_5.4/Content/Materials/Instances/MI_CesiumThreeOverlaysAndClippingTranslucent.uexp" 793
"../../../Engine/Content/Functions/MaterialLayerFunctions/MatLayerBlend_OverrideBaseColor.uasset" 794
"../../../Engine/Content/Functions/MaterialLayerFunctions/MatLayerBlend_OverrideBaseColor.uexp" 795
"../../../Engine/Content/Functions/MaterialLayerFunctions/MatLayerBlend_BreakBaseColor.uasset" 796
"../../../Engine/Content/Functions/MaterialLayerFunctions/MatLayerBlend_BreakBaseColor.uexp" 797
"../../../Engine/Plugins/Marketplace/CesiumForUnreal_5.4/Content/Materials/CesiumWaterMaterialFunctions/ML_CesiumLandWaterBlend.uasset" 798
"../../../Engine/Plugins/Marketplace/CesiumForUnreal_5.4/Content/Materials/CesiumWaterMaterialFunctions/ML_CesiumLandWaterBlend.uexp" 799
"../../../Engine/Content/Functions/Engine_MaterialFunctions02/Math/TimeWithSpeedVariable.uasset" 800
"../../../Engine/Content/Functions/Engine_MaterialFunctions02/Math/TimeWithSpeedVariable.uexp" 801
"../../../Engine/Plugins/Marketplace/CesiumForUnreal_5.4/Content/Materials/CesiumWaterMaterialFunctions/CesiumWaterTextureWaves.uasset" 802
"../../../Engine/Plugins/Marketplace/CesiumForUnreal_5.4/Content/Materials/CesiumWaterMaterialFunctions/CesiumWaterTextureWaves.uexp" 803
"../../../Engine/Plugins/Experimental/Water/Content/Textures/Normals/T_Water_TilingNormal_With_Height_02_Softened.ubulk" 804
"../../../Engine/Plugins/Experimental/Water/Content/Textures/Normals/T_Water_TilingNormal_With_Height_02_Softened.uasset" 805
"../../../Engine/Plugins/Experimental/Water/Content/Textures/Normals/T_Water_TilingNormal_With_Height_02_Softened.uexp" 806
"../../../Engine/Plugins/Marketplace/CesiumForUnreal_5.4/Content/Materials/CesiumWaterMaterialFunctions/CesiumSimpleWaterSurface.uasset" 807
"../../../Engine/Plugins/Marketplace/CesiumForUnreal_5.4/Content/Materials/CesiumWaterMaterialFunctions/CesiumSimpleWaterSurface.uexp" 808
"../../../Engine/Plugins/Marketplace/CesiumForUnreal_5.4/Content/Materials/Blends/MLB_CesiumSimpleWater.uasset" 809
"../../../Engine/Plugins/Marketplace/CesiumForUnreal_5.4/Content/Materials/Blends/MLB_CesiumSimpleWater.uexp" 810
"../../../Engine/Plugins/Marketplace/CesiumForUnreal_5.4/Content/Materials/CesiumWaterMaterialFunctions/MF_CesiumWaterMaskSample.uasset" 811
"../../../Engine/Plugins/Marketplace/CesiumForUnreal_5.4/Content/Materials/CesiumWaterMaterialFunctions/MF_CesiumWaterMaskSample.uexp" 812
"../../../Engine/Plugins/Marketplace/CesiumForUnreal_5.4/Content/Materials/Layers/ML_CesiumWaterMask.uasset" 813
"../../../Engine/Plugins/Marketplace/CesiumForUnreal_5.4/Content/Materials/Layers/ML_CesiumWaterMask.uexp" 814
"../../../Engine/Content/EngineResources/DefaultTexture.ubulk" 815
"../../../Engine/Content/EngineResources/DefaultTexture.uasset" 816
"../../../Engine/Content/EngineResources/DefaultTexture.uexp" 817
"../../../Engine/Plugins/Marketplace/CesiumForUnreal_5.4/Content/Materials/Instances/MI_CesiumThreeOverlaysAndClippingAndWater.uasset" 818
"../../../Engine/Plugins/Marketplace/CesiumForUnreal_5.4/Content/Materials/Instances/MI_CesiumThreeOverlaysAndClippingAndWater.uexp" 819
"../../../Engine/Plugins/Marketplace/CesiumForUnreal_5.4/Content/Materials/Instances/MI_CesiumThreeOverlaysAndClipping.uasset" 820
"../../../Engine/Plugins/Marketplace/CesiumForUnreal_5.4/Content/Materials/Instances/MI_CesiumThreeOverlaysAndClipping.uexp" 821
"../../../Engine/Plugins/Marketplace/CesiumForUnreal_5.4/Content/Curves/FlyTo/Curve_CesiumFlyToDefaultProgress_Float.uasset" 822
"../../../Engine/Plugins/Marketplace/CesiumForUnreal_5.4/Content/Curves/FlyTo/Curve_CesiumFlyToDefaultProgress_Float.uexp" 823
"../../../Engine/Plugins/Marketplace/CesiumForUnreal_5.4/Content/Curves/FlyTo/Curve_CesiumFlyToDefaultMaximumHeightByDistance_Float.uasset" 824
"../../../Engine/Plugins/Marketplace/CesiumForUnreal_5.4/Content/Curves/FlyTo/Curve_CesiumFlyToDefaultMaximumHeightByDistance_Float.uexp" 825
"../../../Engine/Plugins/Marketplace/CesiumForUnreal_5.4/Content/Curves/FlyTo/Curve_CesiumFlyToDefaultHeightPercentage_Float.uasset" 826
"../../../Engine/Plugins/Marketplace/CesiumForUnreal_5.4/Content/Curves/FlyTo/Curve_CesiumFlyToDefaultHeightPercentage_Float.uexp" 827
"../../../Engine/Plugins/Interchange/Runtime/Content/gltf/MaterialFunctions/MF_RotateV2.uasset" 828
"../../../Engine/Plugins/Interchange/Runtime/Content/gltf/MaterialFunctions/MF_RotateV2.uexp" 829
"../../../Engine/Plugins/Interchange/Runtime/Content/gltf/MaterialFunctions/MF_TransformUVs.uasset" 830
"../../../Engine/Plugins/Interchange/Runtime/Content/gltf/MaterialFunctions/MF_TransformUVs.uexp" 831
"../../../Engine/Plugins/Interchange/Runtime/Content/gltf/Textures/T_White_srgb.uasset" 832
"../../../Engine/Plugins/Interchange/Runtime/Content/gltf/Textures/T_White_srgb.uexp" 833
"../../../Engine/Plugins/Interchange/Runtime/Content/gltf/MaterialFunctions/MF_BaseColor.uasset" 834
"../../../Engine/Plugins/Interchange/Runtime/Content/gltf/MaterialFunctions/MF_BaseColor.uexp" 835
"../../../Engine/Plugins/Interchange/Runtime/Content/gltf/MaterialBodies/MF_Unlit_Body.uasset" 836
"../../../Engine/Plugins/Interchange/Runtime/Content/gltf/MaterialBodies/MF_Unlit_Body.uexp" 837
"../../../Engine/Plugins/Interchange/Runtime/Content/gltf/M_Unlit.uasset" 838
"../../../Engine/Plugins/Interchange/Runtime/Content/gltf/M_Unlit.uexp" 839
"../../../Engine/Plugins/Interchange/Runtime/Content/gltf/MaterialInstances/MI_Unlit_Opaque_DS.uasset" 840
"../../../Engine/Plugins/Interchange/Runtime/Content/gltf/MaterialInstances/MI_Unlit_Opaque_DS.uexp" 841
"../../../Engine/Plugins/Interchange/Runtime/Content/gltf/MaterialInstances/MI_Unlit_Opaque.uasset" 842
"../../../Engine/Plugins/Interchange/Runtime/Content/gltf/MaterialInstances/MI_Unlit_Opaque.uexp" 843
"../../../Engine/Plugins/Interchange/Runtime/Content/gltf/MaterialInstances/MI_Unlit_Mask_DS.uasset" 844
"../../../Engine/Plugins/Interchange/Runtime/Content/gltf/MaterialInstances/MI_Unlit_Mask_DS.uexp" 845
"../../../Engine/Plugins/Interchange/Runtime/Content/gltf/MaterialInstances/MI_Unlit_Mask.uasset" 846
"../../../Engine/Plugins/Interchange/Runtime/Content/gltf/MaterialInstances/MI_Unlit_Mask.uexp" 847
"../../../Engine/Plugins/Interchange/Runtime/Content/gltf/MaterialInstances/MI_Unlit_Blend_DS.uasset" 848
"../../../Engine/Plugins/Interchange/Runtime/Content/gltf/MaterialInstances/MI_Unlit_Blend_DS.uexp" 849
"../../../Engine/Plugins/Interchange/Runtime/Content/gltf/MaterialInstances/MI_Unlit_Blend.uasset" 850
"../../../Engine/Plugins/Interchange/Runtime/Content/gltf/MaterialInstances/MI_Unlit_Blend.uexp" 851
"../../../Engine/Plugins/Interchange/Runtime/Content/gltf/MaterialFunctions/MF_Iridescence.uasset" 852
"../../../Engine/Plugins/Interchange/Runtime/Content/gltf/MaterialFunctions/MF_Iridescence.uexp" 853
"../../../Engine/Plugins/Interchange/Runtime/Content/gltf/Textures/T_White_Linear.uasset" 854
"../../../Engine/Plugins/Interchange/Runtime/Content/gltf/Textures/T_White_Linear.uexp" 855
"../../../Engine/Plugins/Interchange/Runtime/Content/gltf/MaterialFunctions/MF_MetallicRoughness.uasset" 856
"../../../Engine/Plugins/Interchange/Runtime/Content/gltf/MaterialFunctions/MF_MetallicRoughness.uexp" 857
"../../../Engine/Plugins/Interchange/Runtime/Content/gltf/MaterialFunctions/MF_Transmission.uasset" 858
"../../../Engine/Plugins/Interchange/Runtime/Content/gltf/MaterialFunctions/MF_Transmission.uexp" 859
"../../../Engine/Plugins/Interchange/Runtime/Content/gltf/MaterialFunctions/MF_Occlusion.uasset" 860
"../../../Engine/Plugins/Interchange/Runtime/Content/gltf/MaterialFunctions/MF_Occlusion.uexp" 861
"../../../Engine/Plugins/Interchange/Runtime/Content/gltf/MaterialFunctions/MF_Specular.uasset" 862
"../../../Engine/Plugins/Interchange/Runtime/Content/gltf/MaterialFunctions/MF_Specular.uexp" 863
"../../../Engine/Plugins/Interchange/Runtime/Content/gltf/MaterialFunctions/MF_IOR.uasset" 864
"../../../Engine/Plugins/Interchange/Runtime/Content/gltf/MaterialFunctions/MF_IOR.uexp" 865
"../../../Engine/Plugins/Interchange/Runtime/Content/gltf/MaterialFunctions/MF_RotateNormals_TS.uasset" 866
"../../../Engine/Plugins/Interchange/Runtime/Content/gltf/MaterialFunctions/MF_RotateNormals_TS.uexp" 867
"../../../Engine/Plugins/Interchange/Runtime/Content/gltf/Textures/T_Generic_N.uasset" 868
"../../../Engine/Plugins/Interchange/Runtime/Content/gltf/Textures/T_Generic_N.uexp" 869
"../../../Engine/Plugins/Interchange/Runtime/Content/gltf/MaterialFunctions/MF_Normals.uasset" 870
"../../../Engine/Plugins/Interchange/Runtime/Content/gltf/MaterialFunctions/MF_Normals.uexp" 871
"../../../Engine/Plugins/Interchange/Runtime/Content/gltf/MaterialBodies/MF_Transmission_Body.uasset" 872
"../../../Engine/Plugins/Interchange/Runtime/Content/gltf/MaterialBodies/MF_Transmission_Body.uexp" 873
"../../../Engine/Plugins/Interchange/Runtime/Content/gltf/M_Transmission.uasset" 874
"../../../Engine/Plugins/Interchange/Runtime/Content/gltf/M_Transmission.uexp" 875
"../../../Engine/Plugins/Interchange/Runtime/Content/gltf/MaterialInstances/MI_Transmission_DS.uasset" 876
"../../../Engine/Plugins/Interchange/Runtime/Content/gltf/MaterialInstances/MI_Transmission_DS.uexp" 877
"../../../Engine/Plugins/Interchange/Runtime/Content/gltf/MaterialInstances/MI_Transmission.uasset" 878
"../../../Engine/Plugins/Interchange/Runtime/Content/gltf/MaterialInstances/MI_Transmission.uexp" 879
"../../../Engine/Plugins/Interchange/Runtime/Content/gltf/MaterialFunctions/MF_DiffuseSpecGloss.uasset" 880
"../../../Engine/Plugins/Interchange/Runtime/Content/gltf/MaterialFunctions/MF_DiffuseSpecGloss.uexp" 881
"../../../Engine/Content/Functions/Engine_MaterialFunctions02/Math/AddComponents.uasset" 882
"../../../Engine/Content/Functions/Engine_MaterialFunctions02/Math/AddComponents.uexp" 883
"../../../Engine/Plugins/Interchange/Runtime/Content/gltf/MaterialFunctions/MF_PerceivedBrightness.uasset" 884
"../../../Engine/Plugins/Interchange/Runtime/Content/gltf/MaterialFunctions/MF_PerceivedBrightness.uexp" 885
"../../../Engine/Plugins/Interchange/Runtime/Content/gltf/MaterialFunctions/MF_Emissive.uasset" 886
"../../../Engine/Plugins/Interchange/Runtime/Content/gltf/MaterialFunctions/MF_Emissive.uexp" 887
"../../../Engine/Plugins/Interchange/Runtime/Content/gltf/MaterialFunctions/MF_SpecGlossToMetalRoughness.uasset" 888
"../../../Engine/Plugins/Interchange/Runtime/Content/gltf/MaterialFunctions/MF_SpecGlossToMetalRoughness.uexp" 889
"../../../Engine/Plugins/Interchange/Runtime/Content/gltf/MaterialBodies/MF_SpecularGlossiness_Body.uasset" 890
"../../../Engine/Plugins/Interchange/Runtime/Content/gltf/MaterialBodies/MF_SpecularGlossiness_Body.uexp" 891
"../../../Engine/Plugins/Interchange/Runtime/Content/gltf/M_SpecularGlossiness.uasset" 892
"../../../Engine/Plugins/Interchange/Runtime/Content/gltf/M_SpecularGlossiness.uexp" 893
"../../../Engine/Plugins/Interchange/Runtime/Content/gltf/MaterialInstances/MI_SpecularGlossiness_Opaque_DS.uasset" 894
"../../../Engine/Plugins/Interchange/Runtime/Content/gltf/MaterialInstances/MI_SpecularGlossiness_Opaque_DS.uexp" 895
"../../../Engine/Plugins/Interchange/Runtime/Content/gltf/MaterialInstances/MI_SpecularGlossiness_Opaque.uasset" 896
"../../../Engine/Plugins/Interchange/Runtime/Content/gltf/MaterialInstances/MI_SpecularGlossiness_Opaque.uexp" 897
"../../../Engine/Plugins/Interchange/Runtime/Content/gltf/MaterialInstances/MI_SpecularGlossiness_Mask_DS.uasset" 898
"../../../Engine/Plugins/Interchange/Runtime/Content/gltf/MaterialInstances/MI_SpecularGlossiness_Mask_DS.uexp" 899
"../../../Engine/Plugins/Interchange/Runtime/Content/gltf/MaterialInstances/MI_SpecularGlossiness_Mask.uasset" 900
"../../../Engine/Plugins/Interchange/Runtime/Content/gltf/MaterialInstances/MI_SpecularGlossiness_Mask.uexp" 901
"../../../Engine/Plugins/Interchange/Runtime/Content/gltf/MaterialInstances/MI_SpecularGlossiness_Blend_DS.uasset" 902
"../../../Engine/Plugins/Interchange/Runtime/Content/gltf/MaterialInstances/MI_SpecularGlossiness_Blend_DS.uexp" 903
"../../../Engine/Plugins/Interchange/Runtime/Content/gltf/MaterialInstances/MI_SpecularGlossiness_Blend.uasset" 904
"../../../Engine/Plugins/Interchange/Runtime/Content/gltf/MaterialInstances/MI_SpecularGlossiness_Blend.uexp" 905
"../../../Engine/Plugins/Interchange/Runtime/Content/gltf/MaterialFunctions/MF_Sheen.uasset" 906
"../../../Engine/Plugins/Interchange/Runtime/Content/gltf/MaterialFunctions/MF_Sheen.uexp" 907
"../../../Engine/Plugins/Interchange/Runtime/Content/gltf/MaterialBodies/MF_Sheen_Body.uasset" 908
"../../../Engine/Plugins/Interchange/Runtime/Content/gltf/MaterialBodies/MF_Sheen_Body.uexp" 909
"../../../Engine/Plugins/Interchange/Runtime/Content/gltf/M_Sheen.uasset" 910
"../../../Engine/Plugins/Interchange/Runtime/Content/gltf/M_Sheen.uexp" 911
"../../../Engine/Plugins/Interchange/Runtime/Content/gltf/MaterialInstances/MI_Sheen_Opaque_DS.uasset" 912
"../../../Engine/Plugins/Interchange/Runtime/Content/gltf/MaterialInstances/MI_Sheen_Opaque_DS.uexp" 913
"../../../Engine/Plugins/Interchange/Runtime/Content/gltf/MaterialInstances/MI_Sheen_Opaque.uasset" 914
"../../../Engine/Plugins/Interchange/Runtime/Content/gltf/MaterialInstances/MI_Sheen_Opaque.uexp" 915
"../../../Engine/Plugins/Interchange/Runtime/Content/gltf/MaterialInstances/MI_Sheen_Mask_DS.uasset" 916
"../../../Engine/Plugins/Interchange/Runtime/Content/gltf/MaterialInstances/MI_Sheen_Mask_DS.uexp" 917
"../../../Engine/Plugins/Interchange/Runtime/Content/gltf/MaterialInstances/MI_Sheen_Mask.uasset" 918
"../../../Engine/Plugins/Interchange/Runtime/Content/gltf/MaterialInstances/MI_Sheen_Mask.uexp" 919
"../../../Engine/Plugins/Interchange/Runtime/Content/gltf/MaterialInstances/MI_Sheen_Blend_DS.uasset" 920
"../../../Engine/Plugins/Interchange/Runtime/Content/gltf/MaterialInstances/MI_Sheen_Blend_DS.uexp" 921
"../../../Engine/Plugins/Interchange/Runtime/Content/gltf/MaterialInstances/MI_Sheen_Blend.uasset" 922
"../../../Engine/Plugins/Interchange/Runtime/Content/gltf/MaterialInstances/MI_Sheen_Blend.uexp" 923
"../../../Engine/Plugins/Interchange/Runtime/Content/gltf/MaterialBodies/MF_Default_Body.uasset" 924
"../../../Engine/Plugins/Interchange/Runtime/Content/gltf/MaterialBodies/MF_Default_Body.uexp" 925
"../../../Engine/Plugins/Interchange/Runtime/Content/gltf/M_Default.uasset" 926
"../../../Engine/Plugins/Interchange/Runtime/Content/gltf/M_Default.uexp" 927
"../../../Engine/Plugins/Interchange/Runtime/Content/gltf/MaterialInstances/MI_Default_Opaque_DS.uasset" 928
"../../../Engine/Plugins/Interchange/Runtime/Content/gltf/MaterialInstances/MI_Default_Opaque_DS.uexp" 929
"../../../Engine/Plugins/Interchange/Runtime/Content/gltf/MaterialInstances/MI_Default_Opaque.uasset" 930
"../../../Engine/Plugins/Interchange/Runtime/Content/gltf/MaterialInstances/MI_Default_Opaque.uexp" 931
"../../../Engine/Plugins/Interchange/Runtime/Content/gltf/MaterialInstances/MI_Default_Mask_DS.uasset" 932
"../../../Engine/Plugins/Interchange/Runtime/Content/gltf/MaterialInstances/MI_Default_Mask_DS.uexp" 933
"../../../Engine/Plugins/Interchange/Runtime/Content/gltf/MaterialInstances/MI_Default_Mask.uasset" 934
"../../../Engine/Plugins/Interchange/Runtime/Content/gltf/MaterialInstances/MI_Default_Mask.uexp" 935
"../../../Engine/Plugins/Interchange/Runtime/Content/gltf/MaterialInstances/MI_Default_Blend_DS.uasset" 936
"../../../Engine/Plugins/Interchange/Runtime/Content/gltf/MaterialInstances/MI_Default_Blend_DS.uexp" 937
"../../../Engine/Plugins/Interchange/Runtime/Content/gltf/MaterialInstances/MI_Default_Blend.uasset" 938
"../../../Engine/Plugins/Interchange/Runtime/Content/gltf/MaterialInstances/MI_Default_Blend.uexp" 939
"../../../Engine/Content/Functions/Engine_MaterialFunctions01/Texturing/FlattenNormal.uasset" 940
"../../../Engine/Content/Functions/Engine_MaterialFunctions01/Texturing/FlattenNormal.uexp" 941
"../../../Engine/Plugins/Interchange/Runtime/Content/gltf/MaterialFunctions/MF_Clearcoat.uasset" 942
"../../../Engine/Plugins/Interchange/Runtime/Content/gltf/MaterialFunctions/MF_Clearcoat.uexp" 943
"../../../Engine/Plugins/Interchange/Runtime/Content/gltf/MaterialBodies/MF_ClearCoat_Body.uasset" 944
"../../../Engine/Plugins/Interchange/Runtime/Content/gltf/MaterialBodies/MF_ClearCoat_Body.uexp" 945
"../../../Engine/Plugins/Interchange/Runtime/Content/gltf/M_ClearCoat.uasset" 946
"../../../Engine/Plugins/Interchange/Runtime/Content/gltf/M_ClearCoat.uexp" 947
"../../../Engine/Plugins/Interchange/Runtime/Content/gltf/MaterialInstances/MI_ClearCoat_Opaque_DS.uasset" 948
"../../../Engine/Plugins/Interchange/Runtime/Content/gltf/MaterialInstances/MI_ClearCoat_Opaque_DS.uexp" 949
"../../../Engine/Plugins/Interchange/Runtime/Content/gltf/MaterialInstances/MI_ClearCoat_Opaque.uasset" 950
"../../../Engine/Plugins/Interchange/Runtime/Content/gltf/MaterialInstances/MI_ClearCoat_Opaque.uexp" 951
"../../../Engine/Plugins/Interchange/Runtime/Content/gltf/MaterialInstances/MI_ClearCoat_Mask_DS.uasset" 952
"../../../Engine/Plugins/Interchange/Runtime/Content/gltf/MaterialInstances/MI_ClearCoat_Mask_DS.uexp" 953
"../../../Engine/Plugins/Interchange/Runtime/Content/gltf/MaterialInstances/MI_ClearCoat_Mask.uasset" 954
"../../../Engine/Plugins/Interchange/Runtime/Content/gltf/MaterialInstances/MI_ClearCoat_Mask.uexp" 955
"../../../Engine/Plugins/Interchange/Runtime/Content/gltf/MaterialInstances/MI_ClearCoat_Blend_DS.uasset" 956
"../../../Engine/Plugins/Interchange/Runtime/Content/gltf/MaterialInstances/MI_ClearCoat_Blend_DS.uexp" 957
"../../../Engine/Plugins/Interchange/Runtime/Content/gltf/MaterialInstances/MI_ClearCoat_Blend.uasset" 958
"../../../Engine/Plugins/Interchange/Runtime/Content/gltf/MaterialInstances/MI_ClearCoat_Blend.uexp" 959
"../../../Engine/Plugins/Experimental/Water/Content/Materials/WaterInfo/DrawWaterInfo.uasset" 960
"../../../Engine/Plugins/Experimental/Water/Content/Materials/WaterInfo/DrawWaterInfo.uexp" 961
"../../../Engine/Plugins/Experimental/Water/Content/Materials/MPC/MPC_Water.uasset" 962
"../../../Engine/Plugins/Experimental/Water/Content/Materials/MPC/MPC_Water.uexp" 963
"../../../Engine/Content/MobileResources/HUD/VirtualJoystick_Background.uasset" 964
"../../../Engine/Content/MobileResources/HUD/VirtualJoystick_Background.uexp" 965
"../../../Engine/Content/MobileResources/HUD/VirtualJoystick_Thumb.uasset" 966
"../../../Engine/Content/MobileResources/HUD/VirtualJoystick_Thumb.uexp" 967
"../../../Engine/Content/MobileResources/HUD/DefaultVirtualJoysticks.uasset" 968
"../../../Engine/Content/MobileResources/HUD/DefaultVirtualJoysticks.uexp" 969
"../../../Engine/Content/EngineSky/VolumetricClouds/CloudWeatherTexture.uasset" 970
"../../../Engine/Content/EngineSky/VolumetricClouds/CloudWeatherTexture.uexp" 971
"../../../Engine/Content/EngineSky/VolumetricClouds/CloudGradientTexture.uasset" 972
"../../../Engine/Content/EngineSky/VolumetricClouds/CloudGradientTexture.uexp" 973
"../../../Engine/Content/EngineSky/VolumetricClouds/T_NoiseShape64.ubulk" 974
"../../../Engine/Content/EngineSky/VolumetricClouds/T_NoiseShape64.uasset" 975
"../../../Engine/Content/EngineSky/VolumetricClouds/T_NoiseShape64.uexp" 976
"../../../Engine/Content/EngineSky/VolumetricClouds/T_VolumeNoiseShape64.uasset" 977
"../../../Engine/Content/EngineSky/VolumetricClouds/T_VolumeNoiseShape64.uexp" 978
"../../../Engine/Content/EngineSky/VolumetricClouds/T_NoiseErosion.ubulk" 979
"../../../Engine/Content/EngineSky/VolumetricClouds/T_NoiseErosion.uasset" 980
"../../../Engine/Content/EngineSky/VolumetricClouds/T_NoiseErosion.uexp" 981
"../../../Engine/Content/EngineSky/VolumetricClouds/T_VolumeNoiseErosion32.uasset" 982
"../../../Engine/Content/EngineSky/VolumetricClouds/T_VolumeNoiseErosion32.uexp" 983
"../../../Engine/Content/EngineSky/VolumetricClouds/m_SimpleVolumetricCloud.uasset" 984
"../../../Engine/Content/EngineSky/VolumetricClouds/m_SimpleVolumetricCloud.uexp" 985
"../../../Engine/Content/EngineSky/VolumetricClouds/m_SimpleVolumetricCloud_Inst.uasset" 986
"../../../Engine/Content/EngineSky/VolumetricClouds/m_SimpleVolumetricCloud_Inst.uexp" 987
"../../../Engine/Content/EngineResources/FilmGrains/Marcie_Grain_v3_128_M2_000.uasset" 988
"../../../Engine/Content/EngineResources/FilmGrains/Marcie_Grain_v3_128_M2_000.uexp" 989
"../../../Engine/Content/EditorResources/SequenceRecorder/RecordingIndicator.uasset" 990
"../../../Engine/Content/EditorResources/SequenceRecorder/RecordingIndicator.uexp" 991
"../../../Engine/Content/EditorResources/SequenceRecorder/Countdown.uasset" 992
"../../../Engine/Content/EditorResources/SequenceRecorder/Countdown.uexp" 993
"../../../Engine/Content/EditorMaterials/Dataflow/DataflowVertexMaterial.uasset" 994
"../../../Engine/Content/EditorMaterials/Dataflow/DataflowVertexMaterial.uexp" 995
"../../../Engine/Content/Functions/Engine_MaterialFunctions01/Shading/PowerToRoughness.uasset" 996
"../../../Engine/Content/Functions/Engine_MaterialFunctions01/Shading/PowerToRoughness.uexp" 997
"../../../Engine/Content/Functions/Engine_MaterialFunctions01/Shading/ConvertFromDiffSpec.uasset" 998
"../../../Engine/Content/Functions/Engine_MaterialFunctions01/Shading/ConvertFromDiffSpec.uexp" 999
"../../../Engine/Content/EngineMaterials/Substrate/Volume/SubstrateSimpleVolumeLUT3D.uasset" 1000
"../../../Engine/Content/EngineMaterials/Substrate/Volume/SubstrateSimpleVolumeLUT3D.uexp" 1001
"../../../Engine/Content/EngineMaterials/Substrate/Volume/SubstrateSimpleVolumeEnvLUT3D.uasset" 1002
"../../../Engine/Content/EngineMaterials/Substrate/Volume/SubstrateSimpleVolumeEnvLUT3D.uexp" 1003
"../../../Engine/Content/EditorResources/S_Terrain.ubulk" 1004
"../../../Engine/Content/EditorResources/S_Terrain.uasset" 1005
"../../../Engine/Content/EditorResources/S_Terrain.uexp" 1006
"../../../Engine/Content/Functions/Engine_MaterialFunctions02/WorldPositionOffset/V2/ObjectScale.uasset" 1007
"../../../Engine/Content/Functions/Engine_MaterialFunctions02/WorldPositionOffset/V2/ObjectScale.uexp" 1008
"../../../Engine/Content/Functions/Engine_MaterialFunctions02/WorldPositionOffset/ComponentPivotLocation.uasset" 1009
"../../../Engine/Content/Functions/Engine_MaterialFunctions02/WorldPositionOffset/ComponentPivotLocation.uexp" 1010
"../../../Engine/Content/Functions/Engine_MaterialFunctions02/WorldPositionOffset/Sprite.uasset" 1011
"../../../Engine/Content/Functions/Engine_MaterialFunctions02/WorldPositionOffset/Sprite.uexp" 1012
"../../../Engine/Plugins/Experimental/Landmass/Content/Landscape/BlueprintBrushes/Materials/Sprite/M_BrushSprite_01.uasset" 1013
"../../../Engine/Plugins/Experimental/Landmass/Content/Landscape/BlueprintBrushes/Materials/Sprite/M_BrushSprite_01.uexp" 1014
"../../../Engine/Plugins/Experimental/Landmass/Content/Landscape/BlueprintBrushes/MPC/MPC_Landscape.uasset" 1015
"../../../Engine/Plugins/Experimental/Landmass/Content/Landscape/BlueprintBrushes/MPC/MPC_Landscape.uexp" 1016
"../../../Engine/Plugins/Experimental/Landmass/Content/Landscape/BlueprintBrushes/MF/LandmassBrush_UVs.uasset" 1017
"../../../Engine/Plugins/Experimental/Landmass/Content/Landscape/BlueprintBrushes/MF/LandmassBrush_UVs.uexp" 1018
"../../../Engine/Plugins/Experimental/Landmass/Content/Landscape/BlueprintBrushes/MF/LandmassBrush_EdgeFalloff.uasset" 1019
"../../../Engine/Plugins/Experimental/Landmass/Content/Landscape/BlueprintBrushes/MF/LandmassBrush_EdgeFalloff.uexp" 1020
"../../../Engine/Content/EngineMaterials/BlendFunc_DefBlend.uasset" 1021
"../../../Engine/Content/EngineMaterials/BlendFunc_DefBlend.uexp" 1022
"../../../Engine/Plugins/Experimental/Landmass/Content/Landscape/BlueprintBrushes/MF/PointSampleLandscapeUVs.uasset" 1023
"../../../Engine/Plugins/Experimental/Landmass/Content/Landscape/BlueprintBrushes/MF/PointSampleLandscapeUVs.uexp" 1024
"../../../Engine/Content/EngineMaterials/BlendFunc_DefBase.uasset" 1025
"../../../Engine/Content/EngineMaterials/BlendFunc_DefBase.uexp" 1026
"../../../Engine/Content/Functions/Engine_MaterialFunctions03/Blends/Blend_Screen.uasset" 1027
"../../../Engine/Content/Functions/Engine_MaterialFunctions03/Blends/Blend_Screen.uexp" 1028
"../../../Engine/Content/Functions/Engine_MaterialFunctions03/Procedurals/ComputeFilterWidth.uasset" 1029
"../../../Engine/Content/Functions/Engine_MaterialFunctions03/Procedurals/ComputeFilterWidth.uexp" 1030
"../../../Engine/Content/EditorMaterials/TilingAALineIntegral.uasset" 1031
"../../../Engine/Content/EditorMaterials/TilingAALineIntegral.uexp" 1032
"../../../Engine/Content/EditorMaterials/TilingAALineBoxFiltered.uasset" 1033
"../../../Engine/Content/EditorMaterials/TilingAALineBoxFiltered.uexp" 1034
"../../../Engine/Content/EditorMaterials/TilingAAGrid.uasset" 1035
"../../../Engine/Content/EditorMaterials/TilingAAGrid.uexp" 1036
"../../../Engine/Plugins/Experimental/Landmass/Content/Landscape/OldPrototype_BP/Mats/MF/UnpackRG8Height.uasset" 1037
"../../../Engine/Plugins/Experimental/Landmass/Content/Landscape/OldPrototype_BP/Mats/MF/UnpackRG8Height.uexp" 1038
"../../../Engine/Plugins/Experimental/Landmass/Content/Landscape/BlueprintBrushes/MF/Landmass_BrushTilt.uasset" 1039
"../../../Engine/Plugins/Experimental/Landmass/Content/Landscape/BlueprintBrushes/MF/Landmass_BrushTilt.uexp" 1040
"../../../Engine/Content/ArtTools/RenderToTexture/Textures/T_EV_BlankWhite_01.uasset" 1041
"../../../Engine/Content/ArtTools/RenderToTexture/Textures/T_EV_BlankWhite_01.uexp" 1042
"../../../Engine/Content/Functions/Engine_MaterialFunctions01/ImageAdjustment/SCurve.uasset" 1043
"../../../Engine/Content/Functions/Engine_MaterialFunctions01/ImageAdjustment/SCurve.uexp" 1044
"../../../Engine/Content/EngineResources/Black_Low.uasset" 1045
"../../../Engine/Content/EngineResources/Black_Low.uexp" 1046
"../../../Engine/Plugins/Experimental/Landmass/Content/Landscape/BlueprintBrushes/MF/LandmassBrush_Noise.uasset" 1047
"../../../Engine/Plugins/Experimental/Landmass/Content/Landscape/BlueprintBrushes/MF/LandmassBrush_Noise.uexp" 1048
"../../../Engine/Plugins/Experimental/Landmass/Content/Landscape/BlueprintBrushes/Materials/BrushMaterials/BasicFunctions/LandmassBrush_ShapeMask.uasset" 1049
"../../../Engine/Plugins/Experimental/Landmass/Content/Landscape/BlueprintBrushes/Materials/BrushMaterials/BasicFunctions/LandmassBrush_ShapeMask.uexp" 1050
"../../../Engine/Plugins/Experimental/Landmass/Content/Landscape/BlueprintBrushes/Materials/Internal/BrushBounds.uasset" 1051
"../../../Engine/Plugins/Experimental/Landmass/Content/Landscape/BlueprintBrushes/Materials/Internal/BrushBounds.uexp" 1052
"../../../Engine/Content/EngineMaterials/Substrate/GLints2/AGlintTex2dArray2.uasset" 1053
"../../../Engine/Content/EngineMaterials/Substrate/GLints2/AGlintTex2dArray2.uexp" 1054
"../../../Engine/Content/EngineMaterials/Substrate/GLints/AGlintTex2dArray.uasset" 1055
"../../../Engine/Content/EngineMaterials/Substrate/GLints/AGlintTex2dArray.uexp" 1056
"../../../Engine/Plugins/Marketplace/CesiumForUnreal_5.4/Content/Curve_PawnMovementSpeed_Float.uasset" 1057
"../../../Engine/Plugins/Marketplace/CesiumForUnreal_5.4/Content/Curve_PawnMovementSpeed_Float.uexp" 1058
"../../../Engine/Plugins/Marketplace/CesiumForUnreal_5.4/Content/WBP_TimeOfDay.uasset" 1059
"../../../Engine/Plugins/Marketplace/CesiumForUnreal_5.4/Content/WBP_TimeOfDay.uexp" 1060
"../../../Engine/Plugins/Marketplace/CesiumForUnreal_5.4/Content/WBP_Profiling.uasset" 1061
"../../../Engine/Plugins/Marketplace/CesiumForUnreal_5.4/Content/WBP_Profiling.uexp" 1062
"../../../Engine/Plugins/Marketplace/CesiumForUnreal_5.4/Content/DynamicPawn.uasset" 1063
"../../../Engine/Plugins/Marketplace/CesiumForUnreal_5.4/Content/DynamicPawn.uexp" 1064
"../../../Engine/Plugins/Marketplace/CesiumForUnreal_5.4/Content/ScreenCredits.uasset" 1065
"../../../Engine/Plugins/Marketplace/CesiumForUnreal_5.4/Content/ScreenCredits.uexp" 1066
"../../../Engine/Plugins/Marketplace/CesiumForUnreal_5.4/Content/CesiumCreditSystemBP.uasset" 1067
"../../../Engine/Plugins/Marketplace/CesiumForUnreal_5.4/Content/CesiumCreditSystemBP.uexp" 1068
"E:/Unreal Projects/Cesium/Content/CesiumSettings/CesiumIonServers/CesiumIonSaaS.uasset" 1069
"E:/Unreal Projects/Cesium/Content/CesiumSettings/CesiumIonServers/CesiumIonSaaS.uexp" 1070
"E:/Unreal Projects/Cesium/Content/TestLevel.uexp" 1071
"E:/Unreal Projects/Cesium/Content/TestLevel.umap" 1072
"../../../Engine/Content/Maps/Entry_BuiltData.uasset" 1073
"../../../Engine/Content/Maps/Entry_BuiltData.uexp" 1074
"../../../Engine/Content/Maps/Entry.uexp" 1075
"../../../Engine/Content/Maps/Entry.umap" 1076
